{
  "C:\\Users\\kapus\\WebstormProjects\\react-rss-forms\\rs-react-app\\src\\App.tsx": {
    "path": "C:\\Users\\kapus\\WebstormProjects\\react-rss-forms\\rs-react-app\\src\\App.tsx",
    "all": false,
    "statementMap": {
      "0": {
        "start": { "line": 1, "column": 0 },
        "end": { "line": 1, "column": 44 }
      },
      "2": {
        "start": { "line": 3, "column": 0 },
        "end": { "line": 3, "column": 16 }
      },
      "3": {
        "start": { "line": 4, "column": 0 },
        "end": { "line": 4, "column": 23 }
      },
      "4": {
        "start": { "line": 5, "column": 0 },
        "end": { "line": 5, "column": 1 }
      },
      "6": {
        "start": { "line": 7, "column": 0 },
        "end": { "line": 7, "column": 18 }
      }
    },
    "s": { "0": 1, "2": 2, "3": 2, "4": 2, "6": 1 },
    "branchMap": {
      "0": {
        "type": "branch",
        "line": 3,
        "loc": {
          "start": { "line": 3, "column": 0 },
          "end": { "line": 5, "column": 1 }
        },
        "locations": [
          {
            "start": { "line": 3, "column": 0 },
            "end": { "line": 5, "column": 1 }
          }
        ]
      }
    },
    "b": { "0": [2] },
    "fnMap": {
      "0": {
        "name": "App",
        "decl": {
          "start": { "line": 3, "column": 0 },
          "end": { "line": 5, "column": 1 }
        },
        "loc": {
          "start": { "line": 3, "column": 0 },
          "end": { "line": 5, "column": 1 }
        },
        "line": 3
      }
    },
    "f": { "0": 2 }
  },
  "C:\\Users\\kapus\\WebstormProjects\\react-rss-forms\\rs-react-app\\src\\components\\MainPage.tsx": {
    "path": "C:\\Users\\kapus\\WebstormProjects\\react-rss-forms\\rs-react-app\\src\\components\\MainPage.tsx",
    "all": false,
    "statementMap": {
      "0": {
        "start": { "line": 1, "column": 0 },
        "end": { "line": 1, "column": 50 }
      },
      "1": {
        "start": { "line": 2, "column": 0 },
        "end": { "line": 2, "column": 54 }
      },
      "2": {
        "start": { "line": 3, "column": 0 },
        "end": { "line": 3, "column": 27 }
      },
      "3": {
        "start": { "line": 4, "column": 0 },
        "end": { "line": 4, "column": 55 }
      },
      "4": {
        "start": { "line": 5, "column": 0 },
        "end": { "line": 5, "column": 51 }
      },
      "5": {
        "start": { "line": 6, "column": 0 },
        "end": { "line": 6, "column": 48 }
      },
      "8": {
        "start": { "line": 9, "column": 0 },
        "end": { "line": 9, "column": 23 }
      },
      "10": {
        "start": { "line": 11, "column": 0 },
        "end": { "line": 11, "column": 34 }
      },
      "11": {
        "start": { "line": 12, "column": 0 },
        "end": { "line": 12, "column": 34 }
      },
      "12": {
        "start": { "line": 13, "column": 0 },
        "end": { "line": 13, "column": 71 }
      },
      "13": {
        "start": { "line": 14, "column": 0 },
        "end": { "line": 14, "column": 71 }
      },
      "14": {
        "start": { "line": 15, "column": 0 },
        "end": { "line": 15, "column": 67 }
      },
      "16": {
        "start": { "line": 17, "column": 0 },
        "end": { "line": 17, "column": 70 }
      },
      "17": {
        "start": { "line": 18, "column": 0 },
        "end": { "line": 18, "column": 49 }
      },
      "19": {
        "start": { "line": 20, "column": 0 },
        "end": { "line": 20, "column": 50 }
      },
      "20": {
        "start": { "line": 21, "column": 0 },
        "end": { "line": 21, "column": 32 }
      },
      "21": {
        "start": { "line": 22, "column": 0 },
        "end": { "line": 22, "column": 53 }
      },
      "22": {
        "start": { "line": 23, "column": 0 },
        "end": { "line": 23, "column": 27 }
      },
      "23": {
        "start": { "line": 24, "column": 0 },
        "end": { "line": 24, "column": 20 }
      },
      "26": {
        "start": { "line": 27, "column": 0 },
        "end": { "line": 27, "column": 50 }
      },
      "27": {
        "start": { "line": 28, "column": 0 },
        "end": { "line": 28, "column": 5 }
      },
      "29": {
        "start": { "line": 30, "column": 0 },
        "end": { "line": 30, "column": 21 }
      },
      "30": {
        "start": { "line": 31, "column": 0 },
        "end": { "line": 31, "column": 52 }
      },
      "31": {
        "start": { "line": 32, "column": 0 },
        "end": { "line": 32, "column": 48 }
      },
      "32": {
        "start": { "line": 33, "column": 0 },
        "end": { "line": 33, "column": 9 }
      },
      "33": {
        "start": { "line": 34, "column": 0 },
        "end": { "line": 34, "column": 58 }
      },
      "34": {
        "start": { "line": 35, "column": 0 },
        "end": { "line": 35, "column": 74 }
      },
      "35": {
        "start": { "line": 36, "column": 0 },
        "end": { "line": 36, "column": 10 }
      },
      "37": {
        "start": { "line": 38, "column": 0 },
        "end": { "line": 38, "column": 12 }
      },
      "38": {
        "start": { "line": 39, "column": 0 },
        "end": { "line": 39, "column": 35 }
      },
      "39": {
        "start": { "line": 40, "column": 0 },
        "end": { "line": 40, "column": 43 }
      },
      "40": {
        "start": { "line": 41, "column": 0 },
        "end": { "line": 41, "column": 42 }
      },
      "41": {
        "start": { "line": 42, "column": 0 },
        "end": { "line": 42, "column": 23 }
      },
      "42": {
        "start": { "line": 43, "column": 0 },
        "end": { "line": 43, "column": 47 }
      },
      "43": {
        "start": { "line": 44, "column": 0 },
        "end": { "line": 44, "column": 61 }
      },
      "44": {
        "start": { "line": 45, "column": 0 },
        "end": { "line": 45, "column": 17 }
      },
      "46": {
        "start": { "line": 47, "column": 0 },
        "end": { "line": 47, "column": 25 }
      },
      "47": {
        "start": { "line": 48, "column": 0 },
        "end": { "line": 48, "column": 23 }
      },
      "48": {
        "start": { "line": 49, "column": 0 },
        "end": { "line": 49, "column": 49 }
      },
      "49": {
        "start": { "line": 50, "column": 0 },
        "end": { "line": 50, "column": 59 }
      },
      "50": {
        "start": { "line": 51, "column": 0 },
        "end": { "line": 51, "column": 17 }
      },
      "52": {
        "start": { "line": 53, "column": 0 },
        "end": { "line": 53, "column": 25 }
      },
      "53": {
        "start": { "line": 54, "column": 0 },
        "end": { "line": 54, "column": 18 }
      },
      "55": {
        "start": { "line": 56, "column": 0 },
        "end": { "line": 56, "column": 49 }
      },
      "56": {
        "start": { "line": 57, "column": 0 },
        "end": { "line": 57, "column": 34 }
      },
      "57": {
        "start": { "line": 58, "column": 0 },
        "end": { "line": 58, "column": 43 }
      },
      "58": {
        "start": { "line": 59, "column": 0 },
        "end": { "line": 59, "column": 45 }
      },
      "59": {
        "start": { "line": 60, "column": 0 },
        "end": { "line": 60, "column": 28 }
      },
      "60": {
        "start": { "line": 61, "column": 0 },
        "end": { "line": 61, "column": 41 }
      },
      "61": {
        "start": { "line": 62, "column": 0 },
        "end": { "line": 62, "column": 95 }
      },
      "63": {
        "start": { "line": 64, "column": 0 },
        "end": { "line": 64, "column": 48 }
      },
      "64": {
        "start": { "line": 65, "column": 0 },
        "end": { "line": 65, "column": 50 }
      },
      "65": {
        "start": { "line": 66, "column": 0 },
        "end": { "line": 66, "column": 54 }
      },
      "66": {
        "start": { "line": 67, "column": 0 },
        "end": { "line": 67, "column": 87 }
      },
      "67": {
        "start": { "line": 68, "column": 0 },
        "end": { "line": 68, "column": 58 }
      },
      "68": {
        "start": { "line": 69, "column": 0 },
        "end": { "line": 69, "column": 44 }
      },
      "69": {
        "start": { "line": 70, "column": 0 },
        "end": { "line": 70, "column": 63 }
      },
      "70": {
        "start": { "line": 71, "column": 0 },
        "end": { "line": 71, "column": 74 }
      },
      "71": {
        "start": { "line": 72, "column": 0 },
        "end": { "line": 72, "column": 38 }
      },
      "73": {
        "start": { "line": 74, "column": 0 },
        "end": { "line": 74, "column": 30 }
      },
      "74": {
        "start": { "line": 75, "column": 0 },
        "end": { "line": 75, "column": 23 }
      },
      "75": {
        "start": { "line": 76, "column": 0 },
        "end": { "line": 76, "column": 22 }
      },
      "76": {
        "start": { "line": 77, "column": 0 },
        "end": { "line": 77, "column": 18 }
      },
      "78": {
        "start": { "line": 79, "column": 0 },
        "end": { "line": 79, "column": 48 }
      },
      "79": {
        "start": { "line": 80, "column": 0 },
        "end": { "line": 80, "column": 70 }
      },
      "80": {
        "start": { "line": 81, "column": 0 },
        "end": { "line": 81, "column": 68 }
      },
      "81": {
        "start": { "line": 82, "column": 0 },
        "end": { "line": 82, "column": 24 }
      },
      "84": {
        "start": { "line": 85, "column": 0 },
        "end": { "line": 85, "column": 46 }
      },
      "85": {
        "start": { "line": 86, "column": 0 },
        "end": { "line": 86, "column": 86 }
      },
      "86": {
        "start": { "line": 87, "column": 0 },
        "end": { "line": 87, "column": 66 }
      },
      "87": {
        "start": { "line": 88, "column": 0 },
        "end": { "line": 88, "column": 24 }
      },
      "89": {
        "start": { "line": 90, "column": 0 },
        "end": { "line": 90, "column": 14 }
      },
      "91": {
        "start": { "line": 92, "column": 0 },
        "end": { "line": 92, "column": 1 }
      },
      "93": {
        "start": { "line": 94, "column": 0 },
        "end": { "line": 94, "column": 23 }
      }
    },
    "s": {
      "0": 1,
      "1": 1,
      "2": 1,
      "3": 1,
      "4": 1,
      "5": 1,
      "8": 1,
      "10": 1,
      "11": 9,
      "12": 9,
      "13": 9,
      "14": 9,
      "16": 9,
      "17": 9,
      "19": 9,
      "20": 0,
      "21": 0,
      "22": 0,
      "23": 0,
      "26": 0,
      "27": 0,
      "29": 9,
      "30": 5,
      "31": 1,
      "32": 1,
      "33": 5,
      "34": 5,
      "35": 9,
      "37": 9,
      "38": 9,
      "39": 9,
      "40": 9,
      "41": 9,
      "42": 9,
      "43": 9,
      "44": 9,
      "46": 9,
      "47": 9,
      "48": 9,
      "49": 9,
      "50": 9,
      "52": 9,
      "53": 9,
      "55": 9,
      "56": 9,
      "57": 9,
      "58": 9,
      "59": 0,
      "60": 0,
      "61": 0,
      "63": 0,
      "64": 0,
      "65": 0,
      "66": 0,
      "67": 0,
      "68": 0,
      "69": 0,
      "70": 0,
      "71": 0,
      "73": 0,
      "74": 9,
      "75": 9,
      "76": 9,
      "78": 9,
      "79": 1,
      "80": 1,
      "81": 1,
      "84": 9,
      "85": 1,
      "86": 1,
      "87": 1,
      "89": 9,
      "91": 9,
      "93": 1
    },
    "branchMap": {
      "0": {
        "type": "branch",
        "line": 11,
        "loc": {
          "start": { "line": 11, "column": 27 },
          "end": { "line": 92, "column": 1 }
        },
        "locations": [
          {
            "start": { "line": 11, "column": 27 },
            "end": { "line": 92, "column": 1 }
          }
        ]
      },
      "1": {
        "type": "branch",
        "line": 79,
        "loc": {
          "start": { "line": 79, "column": 29 },
          "end": { "line": 82, "column": 24 }
        },
        "locations": [
          {
            "start": { "line": 79, "column": 29 },
            "end": { "line": 82, "column": 24 }
          }
        ]
      },
      "2": {
        "type": "branch",
        "line": 85,
        "loc": {
          "start": { "line": 85, "column": 29 },
          "end": { "line": 88, "column": 24 }
        },
        "locations": [
          {
            "start": { "line": 85, "column": 29 },
            "end": { "line": 88, "column": 24 }
          }
        ]
      },
      "3": {
        "type": "branch",
        "line": 13,
        "loc": {
          "start": { "line": 13, "column": 33 },
          "end": { "line": 13, "column": 70 }
        },
        "locations": [
          {
            "start": { "line": 13, "column": 33 },
            "end": { "line": 13, "column": 70 }
          }
        ]
      },
      "4": {
        "type": "branch",
        "line": 17,
        "loc": {
          "start": { "line": 17, "column": 22 },
          "end": { "line": 17, "column": 70 }
        },
        "locations": [
          {
            "start": { "line": 17, "column": 22 },
            "end": { "line": 17, "column": 70 }
          }
        ]
      },
      "5": {
        "type": "branch",
        "line": 18,
        "loc": {
          "start": { "line": 18, "column": 23 },
          "end": { "line": 18, "column": 49 }
        },
        "locations": [
          {
            "start": { "line": 18, "column": 23 },
            "end": { "line": 18, "column": 49 }
          }
        ]
      },
      "6": {
        "type": "branch",
        "line": 30,
        "loc": {
          "start": { "line": 30, "column": 14 },
          "end": { "line": 36, "column": 7 }
        },
        "locations": [
          {
            "start": { "line": 30, "column": 14 },
            "end": { "line": 36, "column": 7 }
          }
        ]
      },
      "7": {
        "type": "branch",
        "line": 31,
        "loc": {
          "start": { "line": 31, "column": 29 },
          "end": { "line": 33, "column": 9 }
        },
        "locations": [
          {
            "start": { "line": 31, "column": 29 },
            "end": { "line": 33, "column": 9 }
          }
        ]
      },
      "8": {
        "type": "branch",
        "line": 35,
        "loc": {
          "start": { "line": 35, "column": 15 },
          "end": { "line": 35, "column": 74 }
        },
        "locations": [
          {
            "start": { "line": 35, "column": 15 },
            "end": { "line": 35, "column": 74 }
          }
        ]
      },
      "9": {
        "type": "branch",
        "line": 44,
        "loc": {
          "start": { "line": 44, "column": 29 },
          "end": { "line": 44, "column": 61 }
        },
        "locations": [
          {
            "start": { "line": 44, "column": 29 },
            "end": { "line": 44, "column": 61 }
          }
        ]
      },
      "10": {
        "type": "branch",
        "line": 50,
        "loc": {
          "start": { "line": 50, "column": 29 },
          "end": { "line": 50, "column": 59 }
        },
        "locations": [
          {
            "start": { "line": 50, "column": 29 },
            "end": { "line": 50, "column": 59 }
          }
        ]
      }
    },
    "b": {
      "0": [9],
      "1": [1],
      "2": [1],
      "3": [14],
      "4": [2],
      "5": [3],
      "6": [5],
      "7": [1],
      "8": [5],
      "9": [1],
      "10": [1]
    },
    "fnMap": {
      "0": {
        "name": "MainPage",
        "decl": {
          "start": { "line": 11, "column": 27 },
          "end": { "line": 92, "column": 1 }
        },
        "loc": {
          "start": { "line": 11, "column": 27 },
          "end": { "line": 92, "column": 1 }
        },
        "line": 11
      },
      "1": {
        "name": "openModal",
        "decl": {
          "start": { "line": 17, "column": 22 },
          "end": { "line": 17, "column": 70 }
        },
        "loc": {
          "start": { "line": 17, "column": 22 },
          "end": { "line": 17, "column": 70 }
        },
        "line": 17
      },
      "2": {
        "name": "closeModal",
        "decl": {
          "start": { "line": 18, "column": 23 },
          "end": { "line": 18, "column": 49 }
        },
        "loc": {
          "start": { "line": 18, "column": 23 },
          "end": { "line": 18, "column": 49 }
        },
        "line": 18
      },
      "3": {
        "name": "handleFormSubmit",
        "decl": {
          "start": { "line": 20, "column": 29 },
          "end": { "line": 28, "column": 5 }
        },
        "loc": {
          "start": { "line": 20, "column": 29 },
          "end": { "line": 28, "column": 5 }
        },
        "line": 20
      },
      "4": {
        "name": "handleEscape",
        "decl": {
          "start": { "line": 31, "column": 29 },
          "end": { "line": 33, "column": 9 }
        },
        "loc": {
          "start": { "line": 31, "column": 29 },
          "end": { "line": 33, "column": 9 }
        },
        "line": 31
      },
      "5": {
        "name": "onClick",
        "decl": {
          "start": { "line": 44, "column": 29 },
          "end": { "line": 44, "column": 61 }
        },
        "loc": {
          "start": { "line": 44, "column": 29 },
          "end": { "line": 44, "column": 61 }
        },
        "line": 44
      },
      "6": {
        "name": "onClick",
        "decl": {
          "start": { "line": 50, "column": 29 },
          "end": { "line": 50, "column": 59 }
        },
        "loc": {
          "start": { "line": 50, "column": 29 },
          "end": { "line": 50, "column": 59 }
        },
        "line": 50
      }
    },
    "f": { "0": 9, "1": 2, "2": 3, "3": 0, "4": 1, "5": 1, "6": 1 }
  },
  "C:\\Users\\kapus\\WebstormProjects\\react-rss-forms\\rs-react-app\\src\\components\\Modal.tsx": {
    "path": "C:\\Users\\kapus\\WebstormProjects\\react-rss-forms\\rs-react-app\\src\\components\\Modal.tsx",
    "all": false,
    "statementMap": {
      "0": {
        "start": { "line": 1, "column": 0 },
        "end": { "line": 1, "column": 48 }
      },
      "1": {
        "start": { "line": 2, "column": 0 },
        "end": { "line": 2, "column": 40 }
      },
      "2": {
        "start": { "line": 3, "column": 0 },
        "end": { "line": 3, "column": 20 }
      },
      "10": {
        "start": { "line": 11, "column": 0 },
        "end": { "line": 11, "column": 71 }
      },
      "11": {
        "start": { "line": 12, "column": 0 },
        "end": { "line": 12, "column": 49 }
      },
      "12": {
        "start": { "line": 13, "column": 0 },
        "end": { "line": 13, "column": 59 }
      },
      "14": {
        "start": { "line": 15, "column": 0 },
        "end": { "line": 15, "column": 21 }
      },
      "15": {
        "start": { "line": 16, "column": 0 },
        "end": { "line": 16, "column": 55 }
      },
      "16": {
        "start": { "line": 17, "column": 0 },
        "end": { "line": 17, "column": 83 }
      },
      "17": {
        "start": { "line": 18, "column": 0 },
        "end": { "line": 18, "column": 25 }
      },
      "18": {
        "start": { "line": 19, "column": 0 },
        "end": { "line": 19, "column": 13 }
      },
      "19": {
        "start": { "line": 20, "column": 0 },
        "end": { "line": 20, "column": 9 }
      },
      "21": {
        "start": { "line": 22, "column": 0 },
        "end": { "line": 22, "column": 66 }
      },
      "22": {
        "start": { "line": 23, "column": 0 },
        "end": { "line": 23, "column": 47 }
      },
      "25": {
        "start": { "line": 26, "column": 0 },
        "end": { "line": 26, "column": 38 }
      },
      "26": {
        "start": { "line": 27, "column": 0 },
        "end": { "line": 27, "column": 43 }
      },
      "27": {
        "start": { "line": 28, "column": 0 },
        "end": { "line": 28, "column": 9 }
      },
      "29": {
        "start": { "line": 30, "column": 0 },
        "end": { "line": 30, "column": 22 }
      },
      "30": {
        "start": { "line": 31, "column": 0 },
        "end": { "line": 31, "column": 73 }
      },
      "31": {
        "start": { "line": 32, "column": 0 },
        "end": { "line": 32, "column": 50 }
      },
      "32": {
        "start": { "line": 33, "column": 0 },
        "end": { "line": 33, "column": 9 }
      },
      "33": {
        "start": { "line": 34, "column": 0 },
        "end": { "line": 34, "column": 17 }
      },
      "35": {
        "start": { "line": 36, "column": 0 },
        "end": { "line": 36, "column": 21 }
      },
      "36": {
        "start": { "line": 37, "column": 0 },
        "end": { "line": 37, "column": 52 }
      },
      "37": {
        "start": { "line": 38, "column": 0 },
        "end": { "line": 38, "column": 45 }
      },
      "38": {
        "start": { "line": 39, "column": 0 },
        "end": { "line": 39, "column": 9 }
      },
      "40": {
        "start": { "line": 41, "column": 0 },
        "end": { "line": 41, "column": 58 }
      },
      "41": {
        "start": { "line": 42, "column": 0 },
        "end": { "line": 42, "column": 74 }
      },
      "42": {
        "start": { "line": 43, "column": 0 },
        "end": { "line": 43, "column": 17 }
      },
      "44": {
        "start": { "line": 45, "column": 0 },
        "end": { "line": 45, "column": 24 }
      },
      "45": {
        "start": { "line": 46, "column": 0 },
        "end": { "line": 46, "column": 101 }
      },
      "46": {
        "start": { "line": 47, "column": 0 },
        "end": { "line": 47, "column": 58 }
      },
      "47": {
        "start": { "line": 48, "column": 0 },
        "end": { "line": 48, "column": 46 }
      },
      "48": {
        "start": { "line": 49, "column": 0 },
        "end": { "line": 49, "column": 53 }
      },
      "49": {
        "start": { "line": 50, "column": 0 },
        "end": { "line": 50, "column": 27 }
      },
      "50": {
        "start": { "line": 51, "column": 0 },
        "end": { "line": 51, "column": 45 }
      },
      "51": {
        "start": { "line": 52, "column": 0 },
        "end": { "line": 52, "column": 47 }
      },
      "52": {
        "start": { "line": 53, "column": 0 },
        "end": { "line": 53, "column": 41 }
      },
      "53": {
        "start": { "line": 54, "column": 0 },
        "end": { "line": 54, "column": 59 }
      },
      "54": {
        "start": { "line": 55, "column": 0 },
        "end": { "line": 55, "column": 21 }
      },
      "56": {
        "start": { "line": 57, "column": 0 },
        "end": { "line": 57, "column": 29 }
      },
      "57": {
        "start": { "line": 58, "column": 0 },
        "end": { "line": 58, "column": 22 }
      },
      "58": {
        "start": { "line": 59, "column": 0 },
        "end": { "line": 59, "column": 44 }
      },
      "59": {
        "start": { "line": 60, "column": 0 },
        "end": { "line": 60, "column": 30 }
      },
      "60": {
        "start": { "line": 61, "column": 0 },
        "end": { "line": 61, "column": 22 }
      },
      "61": {
        "start": { "line": 62, "column": 0 },
        "end": { "line": 62, "column": 18 }
      },
      "62": {
        "start": { "line": 63, "column": 0 },
        "end": { "line": 63, "column": 15 }
      },
      "63": {
        "start": { "line": 64, "column": 0 },
        "end": { "line": 64, "column": 21 }
      },
      "64": {
        "start": { "line": 65, "column": 0 },
        "end": { "line": 65, "column": 5 }
      },
      "65": {
        "start": { "line": 66, "column": 0 },
        "end": { "line": 66, "column": 1 }
      },
      "67": {
        "start": { "line": 68, "column": 0 },
        "end": { "line": 68, "column": 20 }
      }
    },
    "s": {
      "0": 1,
      "1": 1,
      "2": 1,
      "10": 1,
      "11": 7,
      "12": 7,
      "14": 7,
      "15": 7,
      "16": 1,
      "17": 1,
      "18": 1,
      "19": 1,
      "21": 7,
      "22": 7,
      "25": 7,
      "26": 7,
      "27": 7,
      "29": 7,
      "30": 7,
      "31": 7,
      "32": 7,
      "33": 7,
      "35": 7,
      "36": 7,
      "37": 2,
      "38": 2,
      "40": 7,
      "41": 7,
      "42": 7,
      "44": 7,
      "45": 7,
      "46": 7,
      "47": 7,
      "48": 7,
      "49": 7,
      "50": 7,
      "51": 7,
      "52": 7,
      "53": 7,
      "54": 7,
      "56": 7,
      "57": 7,
      "58": 7,
      "59": 7,
      "60": 7,
      "61": 7,
      "62": 7,
      "63": 7,
      "64": 7,
      "65": 7,
      "67": 1
    },
    "branchMap": {
      "0": {
        "type": "branch",
        "line": 11,
        "loc": {
          "start": { "line": 11, "column": 36 },
          "end": { "line": 66, "column": 1 }
        },
        "locations": [
          {
            "start": { "line": 11, "column": 36 },
            "end": { "line": 66, "column": 1 }
          }
        ]
      },
      "1": {
        "type": "branch",
        "line": 15,
        "loc": {
          "start": { "line": 15, "column": 14 },
          "end": { "line": 34, "column": 7 }
        },
        "locations": [
          {
            "start": { "line": 15, "column": 14 },
            "end": { "line": 34, "column": 7 }
          }
        ]
      },
      "2": {
        "type": "branch",
        "line": 16,
        "loc": {
          "start": { "line": 16, "column": 35 },
          "end": { "line": 20, "column": 9 }
        },
        "locations": [
          {
            "start": { "line": 16, "column": 35 },
            "end": { "line": 20, "column": 9 }
          }
        ]
      },
      "3": {
        "type": "branch",
        "line": 30,
        "loc": {
          "start": { "line": 30, "column": 15 },
          "end": { "line": 33, "column": 9 }
        },
        "locations": [
          {
            "start": { "line": 30, "column": 15 },
            "end": { "line": 33, "column": 9 }
          }
        ]
      },
      "4": {
        "type": "branch",
        "line": 36,
        "loc": {
          "start": { "line": 36, "column": 14 },
          "end": { "line": 43, "column": 7 }
        },
        "locations": [
          {
            "start": { "line": 36, "column": 14 },
            "end": { "line": 43, "column": 7 }
          }
        ]
      },
      "5": {
        "type": "branch",
        "line": 37,
        "loc": {
          "start": { "line": 37, "column": 29 },
          "end": { "line": 39, "column": 9 }
        },
        "locations": [
          {
            "start": { "line": 37, "column": 29 },
            "end": { "line": 39, "column": 9 }
          }
        ]
      },
      "6": {
        "type": "branch",
        "line": 42,
        "loc": {
          "start": { "line": 42, "column": 15 },
          "end": { "line": 42, "column": 74 }
        },
        "locations": [
          {
            "start": { "line": 42, "column": 15 },
            "end": { "line": 42, "column": 74 }
          }
        ]
      }
    },
    "b": {
      "0": [7],
      "1": [7],
      "2": [1],
      "3": [7],
      "4": [7],
      "5": [2],
      "6": [7]
    },
    "fnMap": {
      "0": {
        "name": "Modal",
        "decl": {
          "start": { "line": 11, "column": 36 },
          "end": { "line": 66, "column": 1 }
        },
        "loc": {
          "start": { "line": 11, "column": 36 },
          "end": { "line": 66, "column": 1 }
        },
        "line": 11
      },
      "1": {
        "name": "handleOutsideClick",
        "decl": {
          "start": { "line": 16, "column": 35 },
          "end": { "line": 20, "column": 9 }
        },
        "loc": {
          "start": { "line": 16, "column": 35 },
          "end": { "line": 20, "column": 9 }
        },
        "line": 16
      },
      "2": {
        "name": "handleEscape",
        "decl": {
          "start": { "line": 37, "column": 29 },
          "end": { "line": 39, "column": 9 }
        },
        "loc": {
          "start": { "line": 37, "column": 29 },
          "end": { "line": 39, "column": 9 }
        },
        "line": 37
      }
    },
    "f": { "0": 7, "1": 1, "2": 2 }
  },
  "C:\\Users\\kapus\\WebstormProjects\\react-rss-forms\\rs-react-app\\src\\components\\forms\\ControlledForm.tsx": {
    "path": "C:\\Users\\kapus\\WebstormProjects\\react-rss-forms\\rs-react-app\\src\\components\\forms\\ControlledForm.tsx",
    "all": false,
    "statementMap": {
      "0": {
        "start": { "line": 1, "column": 0 },
        "end": { "line": 1, "column": 39 }
      },
      "1": {
        "start": { "line": 2, "column": 0 },
        "end": { "line": 2, "column": 41 }
      },
      "2": {
        "start": { "line": 3, "column": 0 },
        "end": { "line": 3, "column": 53 }
      },
      "3": {
        "start": { "line": 4, "column": 0 },
        "end": { "line": 4, "column": 26 }
      },
      "4": {
        "start": { "line": 5, "column": 0 },
        "end": { "line": 5, "column": 48 }
      },
      "6": {
        "start": { "line": 7, "column": 0 },
        "end": { "line": 7, "column": 19 }
      },
      "13": {
        "start": { "line": 14, "column": 0 },
        "end": { "line": 14, "column": 39 }
      },
      "14": {
        "start": { "line": 15, "column": 0 },
        "end": { "line": 15, "column": 13 }
      },
      "15": {
        "start": { "line": 16, "column": 0 },
        "end": { "line": 16, "column": 17 }
      },
      "16": {
        "start": { "line": 17, "column": 0 },
        "end": { "line": 17, "column": 37 }
      },
      "17": {
        "start": { "line": 18, "column": 0 },
        "end": { "line": 18, "column": 64 }
      },
      "18": {
        "start": { "line": 19, "column": 0 },
        "end": { "line": 19, "column": 12 }
      },
      "19": {
        "start": { "line": 20, "column": 0 },
        "end": { "line": 20, "column": 17 }
      },
      "20": {
        "start": { "line": 21, "column": 0 },
        "end": { "line": 21, "column": 42 }
      },
      "21": {
        "start": { "line": 22, "column": 0 },
        "end": { "line": 22, "column": 36 }
      },
      "22": {
        "start": { "line": 23, "column": 0 },
        "end": { "line": 23, "column": 50 }
      },
      "23": {
        "start": { "line": 24, "column": 0 },
        "end": { "line": 24, "column": 43 }
      },
      "24": {
        "start": { "line": 25, "column": 0 },
        "end": { "line": 25, "column": 14 }
      },
      "25": {
        "start": { "line": 26, "column": 0 },
        "end": { "line": 26, "column": 17 }
      },
      "26": {
        "start": { "line": 27, "column": 0 },
        "end": { "line": 27, "column": 37 }
      },
      "27": {
        "start": { "line": 28, "column": 0 },
        "end": { "line": 28, "column": 39 }
      },
      "28": {
        "start": { "line": 29, "column": 0 },
        "end": { "line": 29, "column": 17 }
      },
      "29": {
        "start": { "line": 30, "column": 0 },
        "end": { "line": 30, "column": 17 }
      },
      "30": {
        "start": { "line": 31, "column": 0 },
        "end": { "line": 31, "column": 41 }
      },
      "31": {
        "start": { "line": 32, "column": 0 },
        "end": { "line": 32, "column": 62 }
      },
      "32": {
        "start": { "line": 33, "column": 0 },
        "end": { "line": 33, "column": 69 }
      },
      "33": {
        "start": { "line": 34, "column": 0 },
        "end": { "line": 34, "column": 83 }
      },
      "34": {
        "start": { "line": 35, "column": 0 },
        "end": { "line": 35, "column": 83 }
      },
      "35": {
        "start": { "line": 36, "column": 0 },
        "end": { "line": 36, "column": 89 }
      },
      "36": {
        "start": { "line": 37, "column": 0 },
        "end": { "line": 37, "column": 24 }
      },
      "37": {
        "start": { "line": 38, "column": 0 },
        "end": { "line": 38, "column": 17 }
      },
      "38": {
        "start": { "line": 39, "column": 0 },
        "end": { "line": 39, "column": 54 }
      },
      "39": {
        "start": { "line": 40, "column": 0 },
        "end": { "line": 40, "column": 62 }
      },
      "40": {
        "start": { "line": 41, "column": 0 },
        "end": { "line": 41, "column": 15 }
      },
      "41": {
        "start": { "line": 42, "column": 0 },
        "end": { "line": 42, "column": 17 }
      },
      "42": {
        "start": { "line": 43, "column": 0 },
        "end": { "line": 43, "column": 34 }
      },
      "43": {
        "start": { "line": 44, "column": 0 },
        "end": { "line": 44, "column": 59 }
      },
      "44": {
        "start": { "line": 45, "column": 0 },
        "end": { "line": 45, "column": 14 }
      },
      "45": {
        "start": { "line": 46, "column": 0 },
        "end": { "line": 46, "column": 18 }
      },
      "46": {
        "start": { "line": 47, "column": 0 },
        "end": { "line": 47, "column": 58 }
      },
      "47": {
        "start": { "line": 48, "column": 0 },
        "end": { "line": 48, "column": 54 }
      },
      "48": {
        "start": { "line": 49, "column": 0 },
        "end": { "line": 49, "column": 16 }
      },
      "49": {
        "start": { "line": 50, "column": 0 },
        "end": { "line": 50, "column": 17 }
      },
      "50": {
        "start": { "line": 51, "column": 0 },
        "end": { "line": 51, "column": 38 }
      },
      "51": {
        "start": { "line": 52, "column": 0 },
        "end": { "line": 52, "column": 14 }
      },
      "52": {
        "start": { "line": 53, "column": 0 },
        "end": { "line": 53, "column": 16 }
      },
      "53": {
        "start": { "line": 54, "column": 0 },
        "end": { "line": 54, "column": 59 }
      },
      "54": {
        "start": { "line": 55, "column": 0 },
        "end": { "line": 55, "column": 89 }
      },
      "55": {
        "start": { "line": 56, "column": 0 },
        "end": { "line": 56, "column": 58 }
      },
      "56": {
        "start": { "line": 57, "column": 0 },
        "end": { "line": 57, "column": 10 }
      },
      "57": {
        "start": { "line": 58, "column": 0 },
        "end": { "line": 58, "column": 65 }
      },
      "58": {
        "start": { "line": 59, "column": 0 },
        "end": { "line": 59, "column": 89 }
      },
      "59": {
        "start": { "line": 60, "column": 0 },
        "end": { "line": 60, "column": 70 }
      },
      "60": {
        "start": { "line": 61, "column": 0 },
        "end": { "line": 61, "column": 10 }
      },
      "61": {
        "start": { "line": 62, "column": 0 },
        "end": { "line": 62, "column": 2 }
      },
      "63": {
        "start": { "line": 64, "column": 0 },
        "end": { "line": 64, "column": 73 }
      },
      "64": {
        "start": { "line": 65, "column": 0 },
        "end": { "line": 65, "column": 71 }
      },
      "65": {
        "start": { "line": 66, "column": 0 },
        "end": { "line": 66, "column": 92 }
      },
      "66": {
        "start": { "line": 67, "column": 0 },
        "end": { "line": 67, "column": 42 }
      },
      "67": {
        "start": { "line": 68, "column": 0 },
        "end": { "line": 68, "column": 24 }
      },
      "68": {
        "start": { "line": 69, "column": 0 },
        "end": { "line": 69, "column": 6 }
      },
      "70": {
        "start": { "line": 71, "column": 0 },
        "end": { "line": 71, "column": 42 }
      },
      "72": {
        "start": { "line": 73, "column": 0 },
        "end": { "line": 73, "column": 69 }
      },
      "73": {
        "start": { "line": 74, "column": 0 },
        "end": { "line": 74, "column": 24 }
      },
      "74": {
        "start": { "line": 75, "column": 0 },
        "end": { "line": 75, "column": 47 }
      },
      "75": {
        "start": { "line": 76, "column": 0 },
        "end": { "line": 76, "column": 49 }
      },
      "76": {
        "start": { "line": 77, "column": 0 },
        "end": { "line": 77, "column": 52 }
      },
      "77": {
        "start": { "line": 78, "column": 0 },
        "end": { "line": 78, "column": 52 }
      },
      "78": {
        "start": { "line": 79, "column": 0 },
        "end": { "line": 79, "column": 56 }
      },
      "79": {
        "start": { "line": 80, "column": 0 },
        "end": { "line": 80, "column": 23 }
      },
      "80": {
        "start": { "line": 81, "column": 0 },
        "end": { "line": 81, "column": 5 }
      },
      "82": {
        "start": { "line": 83, "column": 0 },
        "end": { "line": 83, "column": 27 }
      },
      "83": {
        "start": { "line": 84, "column": 0 },
        "end": { "line": 84, "column": 60 }
      },
      "84": {
        "start": { "line": 85, "column": 0 },
        "end": { "line": 85, "column": 37 }
      },
      "85": {
        "start": { "line": 86, "column": 0 },
        "end": { "line": 86, "column": 18 }
      },
      "87": {
        "start": { "line": 88, "column": 0 },
        "end": { "line": 88, "column": 47 }
      },
      "88": {
        "start": { "line": 89, "column": 0 },
        "end": { "line": 89, "column": 13 }
      },
      "89": {
        "start": { "line": 90, "column": 0 },
        "end": { "line": 90, "column": 32 }
      },
      "90": {
        "start": { "line": 91, "column": 0 },
        "end": { "line": 91, "column": 54 }
      },
      "91": {
        "start": { "line": 92, "column": 0 },
        "end": { "line": 92, "column": 70 }
      },
      "92": {
        "start": { "line": 93, "column": 0 },
        "end": { "line": 93, "column": 51 }
      },
      "93": {
        "start": { "line": 94, "column": 0 },
        "end": { "line": 94, "column": 78 }
      },
      "94": {
        "start": { "line": 95, "column": 0 },
        "end": { "line": 95, "column": 55 }
      },
      "95": {
        "start": { "line": 96, "column": 0 },
        "end": { "line": 96, "column": 18 }
      },
      "96": {
        "start": { "line": 97, "column": 0 },
        "end": { "line": 97, "column": 13 }
      },
      "98": {
        "start": { "line": 99, "column": 0 },
        "end": { "line": 99, "column": 22 }
      },
      "99": {
        "start": { "line": 100, "column": 0 },
        "end": { "line": 100, "column": 32 }
      },
      "100": {
        "start": { "line": 101, "column": 0 },
        "end": { "line": 101, "column": 30 }
      },
      "101": {
        "start": { "line": 102, "column": 0 },
        "end": { "line": 102, "column": 34 }
      },
      "102": {
        "start": { "line": 103, "column": 0 },
        "end": { "line": 103, "column": 36 }
      },
      "103": {
        "start": { "line": 104, "column": 0 },
        "end": { "line": 104, "column": 38 }
      },
      "104": {
        "start": { "line": 105, "column": 0 },
        "end": { "line": 105, "column": 34 }
      },
      "105": {
        "start": { "line": 106, "column": 0 },
        "end": { "line": 106, "column": 14 }
      },
      "106": {
        "start": { "line": 107, "column": 0 },
        "end": { "line": 107, "column": 25 }
      },
      "107": {
        "start": { "line": 108, "column": 0 },
        "end": { "line": 108, "column": 58 }
      },
      "108": {
        "start": { "line": 109, "column": 0 },
        "end": { "line": 109, "column": 9 }
      },
      "109": {
        "start": { "line": 110, "column": 0 },
        "end": { "line": 110, "column": 5 }
      },
      "111": {
        "start": { "line": 112, "column": 0 },
        "end": { "line": 112, "column": 12 }
      },
      "112": {
        "start": { "line": 113, "column": 0 },
        "end": { "line": 113, "column": 69 }
      },
      "113": {
        "start": { "line": 114, "column": 0 },
        "end": { "line": 114, "column": 40 }
      },
      "114": {
        "start": { "line": 115, "column": 0 },
        "end": { "line": 115, "column": 50 }
      },
      "115": {
        "start": { "line": 116, "column": 0 },
        "end": { "line": 116, "column": 22 }
      },
      "116": {
        "start": { "line": 117, "column": 0 },
        "end": { "line": 117, "column": 31 }
      },
      "117": {
        "start": { "line": 118, "column": 0 },
        "end": { "line": 118, "column": 29 }
      },
      "118": {
        "start": { "line": 119, "column": 0 },
        "end": { "line": 119, "column": 41 }
      },
      "119": {
        "start": { "line": 120, "column": 0 },
        "end": { "line": 120, "column": 58 }
      },
      "120": {
        "start": { "line": 121, "column": 0 },
        "end": { "line": 121, "column": 18 }
      },
      "121": {
        "start": { "line": 122, "column": 0 },
        "end": { "line": 122, "column": 93 }
      },
      "122": {
        "start": { "line": 123, "column": 0 },
        "end": { "line": 123, "column": 18 }
      },
      "124": {
        "start": { "line": 125, "column": 0 },
        "end": { "line": 125, "column": 40 }
      },
      "125": {
        "start": { "line": 126, "column": 0 },
        "end": { "line": 126, "column": 48 }
      },
      "126": {
        "start": { "line": 127, "column": 0 },
        "end": { "line": 127, "column": 22 }
      },
      "127": {
        "start": { "line": 128, "column": 0 },
        "end": { "line": 128, "column": 33 }
      },
      "128": {
        "start": { "line": 129, "column": 0 },
        "end": { "line": 129, "column": 28 }
      },
      "129": {
        "start": { "line": 130, "column": 0 },
        "end": { "line": 130, "column": 65 }
      },
      "130": {
        "start": { "line": 131, "column": 0 },
        "end": { "line": 131, "column": 57 }
      },
      "131": {
        "start": { "line": 132, "column": 0 },
        "end": { "line": 132, "column": 18 }
      },
      "132": {
        "start": { "line": 133, "column": 0 },
        "end": { "line": 133, "column": 91 }
      },
      "133": {
        "start": { "line": 134, "column": 0 },
        "end": { "line": 134, "column": 18 }
      },
      "135": {
        "start": { "line": 136, "column": 0 },
        "end": { "line": 136, "column": 40 }
      },
      "136": {
        "start": { "line": 137, "column": 0 },
        "end": { "line": 137, "column": 52 }
      },
      "137": {
        "start": { "line": 138, "column": 0 },
        "end": { "line": 138, "column": 22 }
      },
      "138": {
        "start": { "line": 139, "column": 0 },
        "end": { "line": 139, "column": 32 }
      },
      "139": {
        "start": { "line": 140, "column": 0 },
        "end": { "line": 140, "column": 30 }
      },
      "140": {
        "start": { "line": 141, "column": 0 },
        "end": { "line": 141, "column": 42 }
      },
      "141": {
        "start": { "line": 142, "column": 0 },
        "end": { "line": 142, "column": 59 }
      },
      "142": {
        "start": { "line": 143, "column": 0 },
        "end": { "line": 143, "column": 18 }
      },
      "143": {
        "start": { "line": 144, "column": 0 },
        "end": { "line": 144, "column": 95 }
      },
      "144": {
        "start": { "line": 145, "column": 0 },
        "end": { "line": 145, "column": 18 }
      },
      "146": {
        "start": { "line": 147, "column": 0 },
        "end": { "line": 147, "column": 40 }
      },
      "147": {
        "start": { "line": 148, "column": 0 },
        "end": { "line": 148, "column": 58 }
      },
      "148": {
        "start": { "line": 149, "column": 0 },
        "end": { "line": 149, "column": 22 }
      },
      "149": {
        "start": { "line": 150, "column": 0 },
        "end": { "line": 150, "column": 35 }
      },
      "150": {
        "start": { "line": 151, "column": 0 },
        "end": { "line": 151, "column": 33 }
      },
      "151": {
        "start": { "line": 152, "column": 0 },
        "end": { "line": 152, "column": 45 }
      },
      "152": {
        "start": { "line": 153, "column": 0 },
        "end": { "line": 153, "column": 62 }
      },
      "153": {
        "start": { "line": 154, "column": 0 },
        "end": { "line": 154, "column": 18 }
      },
      "154": {
        "start": { "line": 155, "column": 0 },
        "end": { "line": 155, "column": 101 }
      },
      "155": {
        "start": { "line": 156, "column": 0 },
        "end": { "line": 156, "column": 51 }
      },
      "156": {
        "start": { "line": 157, "column": 0 },
        "end": { "line": 157, "column": 99 }
      },
      "157": {
        "start": { "line": 158, "column": 0 },
        "end": { "line": 158, "column": 99 }
      },
      "158": {
        "start": { "line": 159, "column": 0 },
        "end": { "line": 159, "column": 99 }
      },
      "159": {
        "start": { "line": 160, "column": 0 },
        "end": { "line": 160, "column": 99 }
      },
      "160": {
        "start": { "line": 161, "column": 0 },
        "end": { "line": 161, "column": 99 }
      },
      "161": {
        "start": { "line": 162, "column": 0 },
        "end": { "line": 162, "column": 22 }
      },
      "162": {
        "start": { "line": 163, "column": 0 },
        "end": { "line": 163, "column": 18 }
      },
      "164": {
        "start": { "line": 165, "column": 0 },
        "end": { "line": 165, "column": 40 }
      },
      "165": {
        "start": { "line": 166, "column": 0 },
        "end": { "line": 166, "column": 73 }
      },
      "166": {
        "start": { "line": 167, "column": 0 },
        "end": { "line": 167, "column": 22 }
      },
      "167": {
        "start": { "line": 168, "column": 0 },
        "end": { "line": 168, "column": 35 }
      },
      "168": {
        "start": { "line": 169, "column": 0 },
        "end": { "line": 169, "column": 40 }
      },
      "169": {
        "start": { "line": 170, "column": 0 },
        "end": { "line": 170, "column": 52 }
      },
      "170": {
        "start": { "line": 171, "column": 0 },
        "end": { "line": 171, "column": 69 }
      },
      "171": {
        "start": { "line": 172, "column": 0 },
        "end": { "line": 172, "column": 18 }
      },
      "172": {
        "start": { "line": 173, "column": 0 },
        "end": { "line": 173, "column": 115 }
      },
      "173": {
        "start": { "line": 174, "column": 0 },
        "end": { "line": 174, "column": 18 }
      },
      "175": {
        "start": { "line": 176, "column": 0 },
        "end": { "line": 176, "column": 40 }
      },
      "176": {
        "start": { "line": 177, "column": 0 },
        "end": { "line": 177, "column": 37 }
      },
      "177": {
        "start": { "line": 178, "column": 0 },
        "end": { "line": 178, "column": 45 }
      },
      "178": {
        "start": { "line": 179, "column": 0 },
        "end": { "line": 179, "column": 27 }
      },
      "179": {
        "start": { "line": 180, "column": 0 },
        "end": { "line": 180, "column": 30 }
      },
      "180": {
        "start": { "line": 181, "column": 0 },
        "end": { "line": 181, "column": 40 }
      },
      "181": {
        "start": { "line": 182, "column": 0 },
        "end": { "line": 182, "column": 40 }
      },
      "182": {
        "start": { "line": 183, "column": 0 },
        "end": { "line": 183, "column": 51 }
      },
      "183": {
        "start": { "line": 184, "column": 0 },
        "end": { "line": 184, "column": 26 }
      },
      "185": {
        "start": { "line": 186, "column": 0 },
        "end": { "line": 186, "column": 28 }
      },
      "186": {
        "start": { "line": 187, "column": 0 },
        "end": { "line": 187, "column": 27 }
      },
      "187": {
        "start": { "line": 188, "column": 0 },
        "end": { "line": 188, "column": 30 }
      },
      "188": {
        "start": { "line": 189, "column": 0 },
        "end": { "line": 189, "column": 40 }
      },
      "189": {
        "start": { "line": 190, "column": 0 },
        "end": { "line": 190, "column": 42 }
      },
      "190": {
        "start": { "line": 191, "column": 0 },
        "end": { "line": 191, "column": 51 }
      },
      "191": {
        "start": { "line": 192, "column": 0 },
        "end": { "line": 192, "column": 26 }
      },
      "193": {
        "start": { "line": 194, "column": 0 },
        "end": { "line": 194, "column": 28 }
      },
      "194": {
        "start": { "line": 195, "column": 0 },
        "end": { "line": 195, "column": 22 }
      },
      "195": {
        "start": { "line": 196, "column": 0 },
        "end": { "line": 196, "column": 97 }
      },
      "196": {
        "start": { "line": 197, "column": 0 },
        "end": { "line": 197, "column": 18 }
      },
      "198": {
        "start": { "line": 199, "column": 0 },
        "end": { "line": 199, "column": 40 }
      },
      "199": {
        "start": { "line": 200, "column": 0 },
        "end": { "line": 200, "column": 56 }
      },
      "200": {
        "start": { "line": 201, "column": 0 },
        "end": { "line": 201, "column": 23 }
      },
      "201": {
        "start": { "line": 202, "column": 0 },
        "end": { "line": 202, "column": 32 }
      },
      "202": {
        "start": { "line": 203, "column": 0 },
        "end": { "line": 203, "column": 44 }
      },
      "203": {
        "start": { "line": 204, "column": 0 },
        "end": { "line": 204, "column": 61 }
      },
      "205": {
        "start": { "line": 206, "column": 0 },
        "end": { "line": 206, "column": 62 }
      },
      "206": {
        "start": { "line": 207, "column": 0 },
        "end": { "line": 207, "column": 49 }
      },
      "207": {
        "start": { "line": 208, "column": 0 },
        "end": { "line": 208, "column": 72 }
      },
      "208": {
        "start": { "line": 209, "column": 0 },
        "end": { "line": 209, "column": 42 }
      },
      "209": {
        "start": { "line": 210, "column": 0 },
        "end": { "line": 210, "column": 33 }
      },
      "210": {
        "start": { "line": 211, "column": 0 },
        "end": { "line": 211, "column": 23 }
      },
      "211": {
        "start": { "line": 212, "column": 0 },
        "end": { "line": 212, "column": 25 }
      },
      "212": {
        "start": { "line": 213, "column": 0 },
        "end": { "line": 213, "column": 99 }
      },
      "213": {
        "start": { "line": 214, "column": 0 },
        "end": { "line": 214, "column": 18 }
      },
      "215": {
        "start": { "line": 216, "column": 0 },
        "end": { "line": 216, "column": 40 }
      },
      "216": {
        "start": { "line": 217, "column": 0 },
        "end": { "line": 217, "column": 75 }
      },
      "217": {
        "start": { "line": 218, "column": 0 },
        "end": { "line": 218, "column": 22 }
      },
      "218": {
        "start": { "line": 219, "column": 0 },
        "end": { "line": 219, "column": 31 }
      },
      "219": {
        "start": { "line": 220, "column": 0 },
        "end": { "line": 220, "column": 30 }
      },
      "220": {
        "start": { "line": 221, "column": 0 },
        "end": { "line": 221, "column": 44 }
      },
      "221": {
        "start": { "line": 222, "column": 0 },
        "end": { "line": 222, "column": 42 }
      },
      "222": {
        "start": { "line": 223, "column": 0 },
        "end": { "line": 223, "column": 59 }
      },
      "223": {
        "start": { "line": 224, "column": 0 },
        "end": { "line": 224, "column": 18 }
      },
      "224": {
        "start": { "line": 225, "column": 0 },
        "end": { "line": 225, "column": 96 }
      },
      "225": {
        "start": { "line": 226, "column": 0 },
        "end": { "line": 226, "column": 18 }
      },
      "227": {
        "start": { "line": 228, "column": 0 },
        "end": { "line": 228, "column": 40 }
      },
      "228": {
        "start": { "line": 229, "column": 0 },
        "end": { "line": 229, "column": 50 }
      },
      "229": {
        "start": { "line": 230, "column": 0 },
        "end": { "line": 230, "column": 68 }
      },
      "231": {
        "start": { "line": 232, "column": 0 },
        "end": { "line": 232, "column": 24 }
      },
      "232": {
        "start": { "line": 233, "column": 0 },
        "end": { "line": 233, "column": 95 }
      },
      "233": {
        "start": { "line": 234, "column": 0 },
        "end": { "line": 234, "column": 18 }
      },
      "235": {
        "start": { "line": 236, "column": 0 },
        "end": { "line": 236, "column": 19 }
      },
      "236": {
        "start": { "line": 237, "column": 0 },
        "end": { "line": 237, "column": 29 }
      },
      "237": {
        "start": { "line": 238, "column": 0 },
        "end": { "line": 238, "column": 38 }
      },
      "238": {
        "start": { "line": 239, "column": 0 },
        "end": { "line": 239, "column": 73 }
      },
      "240": {
        "start": { "line": 241, "column": 0 },
        "end": { "line": 241, "column": 59 }
      },
      "241": {
        "start": { "line": 242, "column": 0 },
        "end": { "line": 242, "column": 21 }
      },
      "242": {
        "start": { "line": 243, "column": 0 },
        "end": { "line": 243, "column": 15 }
      },
      "244": {
        "start": { "line": 245, "column": 0 },
        "end": { "line": 245, "column": 1 }
      },
      "246": {
        "start": { "line": 247, "column": 0 },
        "end": { "line": 247, "column": 29 }
      }
    },
    "s": {
      "0": 1,
      "1": 1,
      "2": 1,
      "3": 1,
      "4": 1,
      "6": 1,
      "13": 1,
      "14": 1,
      "15": 1,
      "16": 1,
      "17": 1,
      "18": 1,
      "19": 1,
      "20": 1,
      "21": 1,
      "22": 1,
      "23": 1,
      "24": 1,
      "25": 1,
      "26": 1,
      "27": 1,
      "28": 1,
      "29": 1,
      "30": 1,
      "31": 1,
      "32": 1,
      "33": 1,
      "34": 1,
      "35": 1,
      "36": 1,
      "37": 1,
      "38": 1,
      "39": 1,
      "40": 1,
      "41": 1,
      "42": 1,
      "43": 1,
      "44": 1,
      "45": 1,
      "46": 1,
      "47": 1,
      "48": 1,
      "49": 1,
      "50": 1,
      "51": 1,
      "52": 1,
      "53": 1,
      "54": 14,
      "55": 0,
      "56": 1,
      "57": 1,
      "58": 14,
      "59": 0,
      "60": 1,
      "61": 1,
      "63": 1,
      "64": 23,
      "65": 23,
      "66": 23,
      "67": 23,
      "68": 23,
      "70": 23,
      "72": 23,
      "73": 8,
      "74": 8,
      "75": 8,
      "76": 8,
      "77": 8,
      "78": 8,
      "79": 8,
      "80": 8,
      "82": 23,
      "83": 8,
      "84": 8,
      "85": 23,
      "87": 23,
      "88": 1,
      "89": 1,
      "90": 1,
      "91": 0,
      "92": 0,
      "93": 0,
      "94": 0,
      "95": 0,
      "96": 0,
      "98": 1,
      "99": 1,
      "100": 1,
      "101": 1,
      "102": 1,
      "103": 1,
      "104": 1,
      "105": 1,
      "106": 1,
      "107": 0,
      "108": 0,
      "109": 1,
      "111": 23,
      "112": 23,
      "113": 23,
      "114": 23,
      "115": 23,
      "116": 23,
      "117": 23,
      "118": 23,
      "119": 23,
      "120": 23,
      "121": 23,
      "122": 23,
      "124": 23,
      "125": 23,
      "126": 23,
      "127": 23,
      "128": 23,
      "129": 23,
      "130": 23,
      "131": 23,
      "132": 23,
      "133": 23,
      "135": 23,
      "136": 23,
      "137": 23,
      "138": 23,
      "139": 23,
      "140": 23,
      "141": 23,
      "142": 23,
      "143": 23,
      "144": 23,
      "146": 23,
      "147": 23,
      "148": 23,
      "149": 23,
      "150": 23,
      "151": 23,
      "152": 23,
      "153": 23,
      "154": 23,
      "155": 23,
      "156": 23,
      "157": 23,
      "158": 23,
      "159": 23,
      "160": 23,
      "161": 23,
      "162": 23,
      "164": 23,
      "165": 23,
      "166": 23,
      "167": 23,
      "168": 23,
      "169": 23,
      "170": 23,
      "171": 23,
      "172": 23,
      "173": 23,
      "175": 23,
      "176": 23,
      "177": 23,
      "178": 23,
      "179": 23,
      "180": 23,
      "181": 23,
      "182": 23,
      "183": 23,
      "185": 23,
      "186": 23,
      "187": 23,
      "188": 23,
      "189": 23,
      "190": 23,
      "191": 23,
      "193": 23,
      "194": 23,
      "195": 23,
      "196": 23,
      "198": 23,
      "199": 23,
      "200": 23,
      "201": 23,
      "202": 23,
      "203": 23,
      "205": 23,
      "206": 23,
      "207": 230,
      "208": 230,
      "209": 230,
      "210": 23,
      "211": 23,
      "212": 23,
      "213": 23,
      "215": 23,
      "216": 23,
      "217": 23,
      "218": 23,
      "219": 23,
      "220": 23,
      "221": 23,
      "222": 23,
      "223": 23,
      "224": 23,
      "225": 23,
      "227": 23,
      "228": 23,
      "229": 23,
      "231": 23,
      "232": 23,
      "233": 23,
      "235": 23,
      "236": 23,
      "237": 23,
      "238": 23,
      "240": 23,
      "241": 23,
      "242": 23,
      "244": 23,
      "246": 1
    },
    "branchMap": {
      "0": {
        "type": "branch",
        "line": 54,
        "loc": {
          "start": { "line": 54, "column": 47 },
          "end": { "line": 57, "column": 9 }
        },
        "locations": [
          {
            "start": { "line": 54, "column": 47 },
            "end": { "line": 57, "column": 9 }
          }
        ]
      },
      "1": {
        "type": "branch",
        "line": 55,
        "loc": {
          "start": { "line": 55, "column": 45 },
          "end": { "line": 55, "column": 78 }
        },
        "locations": [
          {
            "start": { "line": 55, "column": 45 },
            "end": { "line": 55, "column": 78 }
          }
        ]
      },
      "2": {
        "type": "branch",
        "line": 55,
        "loc": {
          "start": { "line": 55, "column": 85 },
          "end": { "line": 56, "column": 58 }
        },
        "locations": [
          {
            "start": { "line": 55, "column": 85 },
            "end": { "line": 56, "column": 58 }
          }
        ]
      },
      "3": {
        "type": "branch",
        "line": 58,
        "loc": {
          "start": { "line": 58, "column": 53 },
          "end": { "line": 61, "column": 9 }
        },
        "locations": [
          {
            "start": { "line": 58, "column": 53 },
            "end": { "line": 61, "column": 9 }
          }
        ]
      },
      "4": {
        "type": "branch",
        "line": 59,
        "loc": {
          "start": { "line": 59, "column": 45 },
          "end": { "line": 59, "column": 78 }
        },
        "locations": [
          {
            "start": { "line": 59, "column": 45 },
            "end": { "line": 59, "column": 78 }
          }
        ]
      },
      "5": {
        "type": "branch",
        "line": 59,
        "loc": {
          "start": { "line": 59, "column": 85 },
          "end": { "line": 60, "column": 70 }
        },
        "locations": [
          {
            "start": { "line": 59, "column": 85 },
            "end": { "line": 60, "column": 70 }
          }
        ]
      },
      "6": {
        "type": "branch",
        "line": 64,
        "loc": {
          "start": { "line": 64, "column": 54 },
          "end": { "line": 245, "column": 1 }
        },
        "locations": [
          {
            "start": { "line": 64, "column": 54 },
            "end": { "line": 245, "column": 1 }
          }
        ]
      },
      "7": {
        "type": "branch",
        "line": 120,
        "loc": {
          "start": { "line": 120, "column": 38 },
          "end": { "line": 120, "column": 55 }
        },
        "locations": [
          {
            "start": { "line": 120, "column": 38 },
            "end": { "line": 120, "column": 55 }
          }
        ]
      },
      "8": {
        "type": "branch",
        "line": 120,
        "loc": {
          "start": { "line": 120, "column": 45 },
          "end": { "line": 120, "column": 58 }
        },
        "locations": [
          {
            "start": { "line": 120, "column": 45 },
            "end": { "line": 120, "column": 58 }
          }
        ]
      },
      "9": {
        "type": "branch",
        "line": 122,
        "loc": {
          "start": { "line": 122, "column": 24 },
          "end": { "line": 122, "column": 93 }
        },
        "locations": [
          {
            "start": { "line": 122, "column": 24 },
            "end": { "line": 122, "column": 93 }
          }
        ]
      },
      "10": {
        "type": "branch",
        "line": 131,
        "loc": {
          "start": { "line": 131, "column": 38 },
          "end": { "line": 131, "column": 54 }
        },
        "locations": [
          {
            "start": { "line": 131, "column": 38 },
            "end": { "line": 131, "column": 54 }
          }
        ]
      },
      "11": {
        "type": "branch",
        "line": 131,
        "loc": {
          "start": { "line": 131, "column": 44 },
          "end": { "line": 131, "column": 57 }
        },
        "locations": [
          {
            "start": { "line": 131, "column": 44 },
            "end": { "line": 131, "column": 57 }
          }
        ]
      },
      "12": {
        "type": "branch",
        "line": 133,
        "loc": {
          "start": { "line": 133, "column": 24 },
          "end": { "line": 133, "column": 91 }
        },
        "locations": [
          {
            "start": { "line": 133, "column": 24 },
            "end": { "line": 133, "column": 91 }
          }
        ]
      },
      "13": {
        "type": "branch",
        "line": 142,
        "loc": {
          "start": { "line": 142, "column": 38 },
          "end": { "line": 142, "column": 56 }
        },
        "locations": [
          {
            "start": { "line": 142, "column": 38 },
            "end": { "line": 142, "column": 56 }
          }
        ]
      },
      "14": {
        "type": "branch",
        "line": 142,
        "loc": {
          "start": { "line": 142, "column": 46 },
          "end": { "line": 142, "column": 59 }
        },
        "locations": [
          {
            "start": { "line": 142, "column": 46 },
            "end": { "line": 142, "column": 59 }
          }
        ]
      },
      "15": {
        "type": "branch",
        "line": 144,
        "loc": {
          "start": { "line": 144, "column": 24 },
          "end": { "line": 144, "column": 95 }
        },
        "locations": [
          {
            "start": { "line": 144, "column": 24 },
            "end": { "line": 144, "column": 95 }
          }
        ]
      },
      "16": {
        "type": "branch",
        "line": 153,
        "loc": {
          "start": { "line": 153, "column": 38 },
          "end": { "line": 153, "column": 59 }
        },
        "locations": [
          {
            "start": { "line": 153, "column": 38 },
            "end": { "line": 153, "column": 59 }
          }
        ]
      },
      "17": {
        "type": "branch",
        "line": 153,
        "loc": {
          "start": { "line": 153, "column": 49 },
          "end": { "line": 153, "column": 62 }
        },
        "locations": [
          {
            "start": { "line": 153, "column": 49 },
            "end": { "line": 153, "column": 62 }
          }
        ]
      },
      "18": {
        "type": "branch",
        "line": 155,
        "loc": {
          "start": { "line": 155, "column": 24 },
          "end": { "line": 155, "column": 101 }
        },
        "locations": [
          {
            "start": { "line": 155, "column": 24 },
            "end": { "line": 155, "column": 101 }
          }
        ]
      },
      "19": {
        "type": "branch",
        "line": 157,
        "loc": {
          "start": { "line": 157, "column": 72 },
          "end": { "line": 157, "column": 87 }
        },
        "locations": [
          {
            "start": { "line": 157, "column": 72 },
            "end": { "line": 157, "column": 87 }
          }
        ]
      },
      "20": {
        "type": "branch",
        "line": 157,
        "loc": {
          "start": { "line": 157, "column": 76 },
          "end": { "line": 157, "column": 89 }
        },
        "locations": [
          {
            "start": { "line": 157, "column": 76 },
            "end": { "line": 157, "column": 89 }
          }
        ]
      },
      "21": {
        "type": "branch",
        "line": 158,
        "loc": {
          "start": { "line": 158, "column": 72 },
          "end": { "line": 158, "column": 87 }
        },
        "locations": [
          {
            "start": { "line": 158, "column": 72 },
            "end": { "line": 158, "column": 87 }
          }
        ]
      },
      "22": {
        "type": "branch",
        "line": 158,
        "loc": {
          "start": { "line": 158, "column": 76 },
          "end": { "line": 158, "column": 89 }
        },
        "locations": [
          {
            "start": { "line": 158, "column": 76 },
            "end": { "line": 158, "column": 89 }
          }
        ]
      },
      "23": {
        "type": "branch",
        "line": 159,
        "loc": {
          "start": { "line": 159, "column": 72 },
          "end": { "line": 159, "column": 87 }
        },
        "locations": [
          {
            "start": { "line": 159, "column": 72 },
            "end": { "line": 159, "column": 87 }
          }
        ]
      },
      "24": {
        "type": "branch",
        "line": 159,
        "loc": {
          "start": { "line": 159, "column": 76 },
          "end": { "line": 159, "column": 89 }
        },
        "locations": [
          {
            "start": { "line": 159, "column": 76 },
            "end": { "line": 159, "column": 89 }
          }
        ]
      },
      "25": {
        "type": "branch",
        "line": 160,
        "loc": {
          "start": { "line": 160, "column": 72 },
          "end": { "line": 160, "column": 87 }
        },
        "locations": [
          {
            "start": { "line": 160, "column": 72 },
            "end": { "line": 160, "column": 87 }
          }
        ]
      },
      "26": {
        "type": "branch",
        "line": 160,
        "loc": {
          "start": { "line": 160, "column": 76 },
          "end": { "line": 160, "column": 89 }
        },
        "locations": [
          {
            "start": { "line": 160, "column": 76 },
            "end": { "line": 160, "column": 89 }
          }
        ]
      },
      "27": {
        "type": "branch",
        "line": 161,
        "loc": {
          "start": { "line": 161, "column": 72 },
          "end": { "line": 161, "column": 87 }
        },
        "locations": [
          {
            "start": { "line": 161, "column": 72 },
            "end": { "line": 161, "column": 87 }
          }
        ]
      },
      "28": {
        "type": "branch",
        "line": 161,
        "loc": {
          "start": { "line": 161, "column": 76 },
          "end": { "line": 161, "column": 89 }
        },
        "locations": [
          {
            "start": { "line": 161, "column": 76 },
            "end": { "line": 161, "column": 89 }
          }
        ]
      },
      "29": {
        "type": "branch",
        "line": 171,
        "loc": {
          "start": { "line": 171, "column": 38 },
          "end": { "line": 171, "column": 66 }
        },
        "locations": [
          {
            "start": { "line": 171, "column": 38 },
            "end": { "line": 171, "column": 66 }
          }
        ]
      },
      "30": {
        "type": "branch",
        "line": 171,
        "loc": {
          "start": { "line": 171, "column": 56 },
          "end": { "line": 171, "column": 69 }
        },
        "locations": [
          {
            "start": { "line": 171, "column": 56 },
            "end": { "line": 171, "column": 69 }
          }
        ]
      },
      "31": {
        "type": "branch",
        "line": 173,
        "loc": {
          "start": { "line": 173, "column": 24 },
          "end": { "line": 173, "column": 115 }
        },
        "locations": [
          {
            "start": { "line": 173, "column": 24 },
            "end": { "line": 173, "column": 115 }
          }
        ]
      },
      "32": {
        "type": "branch",
        "line": 196,
        "loc": {
          "start": { "line": 196, "column": 24 },
          "end": { "line": 196, "column": 97 }
        },
        "locations": [
          {
            "start": { "line": 196, "column": 24 },
            "end": { "line": 196, "column": 97 }
          }
        ]
      },
      "33": {
        "type": "branch",
        "line": 204,
        "loc": {
          "start": { "line": 204, "column": 38 },
          "end": { "line": 204, "column": 58 }
        },
        "locations": [
          {
            "start": { "line": 204, "column": 38 },
            "end": { "line": 204, "column": 58 }
          }
        ]
      },
      "34": {
        "type": "branch",
        "line": 204,
        "loc": {
          "start": { "line": 204, "column": 48 },
          "end": { "line": 204, "column": 61 }
        },
        "locations": [
          {
            "start": { "line": 204, "column": 48 },
            "end": { "line": 204, "column": 61 }
          }
        ]
      },
      "35": {
        "type": "branch",
        "line": 213,
        "loc": {
          "start": { "line": 213, "column": 24 },
          "end": { "line": 213, "column": 99 }
        },
        "locations": [
          {
            "start": { "line": 213, "column": 24 },
            "end": { "line": 213, "column": 99 }
          }
        ]
      },
      "36": {
        "type": "branch",
        "line": 223,
        "loc": {
          "start": { "line": 223, "column": 38 },
          "end": { "line": 223, "column": 56 }
        },
        "locations": [
          {
            "start": { "line": 223, "column": 38 },
            "end": { "line": 223, "column": 56 }
          }
        ]
      },
      "37": {
        "type": "branch",
        "line": 225,
        "loc": {
          "start": { "line": 225, "column": 24 },
          "end": { "line": 225, "column": 96 }
        },
        "locations": [
          {
            "start": { "line": 225, "column": 24 },
            "end": { "line": 225, "column": 96 }
          }
        ]
      },
      "38": {
        "type": "branch",
        "line": 233,
        "loc": {
          "start": { "line": 233, "column": 24 },
          "end": { "line": 233, "column": 95 }
        },
        "locations": [
          {
            "start": { "line": 233, "column": 24 },
            "end": { "line": 233, "column": 95 }
          }
        ]
      },
      "39": {
        "type": "branch",
        "line": 239,
        "loc": {
          "start": { "line": 239, "column": 26 },
          "end": { "line": 239, "column": 73 }
        },
        "locations": [
          {
            "start": { "line": 239, "column": 26 },
            "end": { "line": 239, "column": 73 }
          }
        ]
      },
      "40": {
        "type": "branch",
        "line": 241,
        "loc": {
          "start": { "line": 241, "column": 17 },
          "end": { "line": 241, "column": 50 }
        },
        "locations": [
          {
            "start": { "line": 241, "column": 17 },
            "end": { "line": 241, "column": 50 }
          }
        ]
      },
      "41": {
        "type": "branch",
        "line": 241,
        "loc": {
          "start": { "line": 241, "column": 32 },
          "end": { "line": 241, "column": 59 }
        },
        "locations": [
          {
            "start": { "line": 241, "column": 32 },
            "end": { "line": 241, "column": 59 }
          }
        ]
      },
      "42": {
        "type": "branch",
        "line": 73,
        "loc": {
          "start": { "line": 73, "column": 38 },
          "end": { "line": 81, "column": 5 }
        },
        "locations": [
          {
            "start": { "line": 73, "column": 38 },
            "end": { "line": 81, "column": 5 }
          }
        ]
      },
      "43": {
        "type": "branch",
        "line": 75,
        "loc": {
          "start": { "line": 75, "column": 34 },
          "end": { "line": 75, "column": 47 }
        },
        "locations": [
          {
            "start": { "line": 75, "column": 34 },
            "end": { "line": 75, "column": 47 }
          }
        ]
      },
      "44": {
        "type": "branch",
        "line": 76,
        "loc": {
          "start": { "line": 76, "column": 36 },
          "end": { "line": 76, "column": 49 }
        },
        "locations": [
          {
            "start": { "line": 76, "column": 36 },
            "end": { "line": 76, "column": 49 }
          }
        ]
      },
      "45": {
        "type": "branch",
        "line": 77,
        "loc": {
          "start": { "line": 77, "column": 39 },
          "end": { "line": 77, "column": 52 }
        },
        "locations": [
          {
            "start": { "line": 77, "column": 39 },
            "end": { "line": 77, "column": 52 }
          }
        ]
      },
      "46": {
        "type": "branch",
        "line": 78,
        "loc": {
          "start": { "line": 78, "column": 39 },
          "end": { "line": 78, "column": 52 }
        },
        "locations": [
          {
            "start": { "line": 78, "column": 39 },
            "end": { "line": 78, "column": 52 }
          }
        ]
      },
      "47": {
        "type": "branch",
        "line": 79,
        "loc": {
          "start": { "line": 79, "column": 43 },
          "end": { "line": 79, "column": 56 }
        },
        "locations": [
          {
            "start": { "line": 79, "column": 43 },
            "end": { "line": 79, "column": 56 }
          }
        ]
      },
      "48": {
        "type": "branch",
        "line": 83,
        "loc": {
          "start": { "line": 83, "column": 20 },
          "end": { "line": 86, "column": 7 }
        },
        "locations": [
          {
            "start": { "line": 83, "column": 20 },
            "end": { "line": 86, "column": 7 }
          }
        ]
      },
      "49": {
        "type": "branch",
        "line": 88,
        "loc": {
          "start": { "line": 88, "column": 25 },
          "end": { "line": 110, "column": 5 }
        },
        "locations": [
          {
            "start": { "line": 88, "column": 25 },
            "end": { "line": 110, "column": 5 }
          }
        ]
      },
      "50": {
        "type": "branch",
        "line": 91,
        "loc": {
          "start": { "line": 91, "column": 53 },
          "end": { "line": 97, "column": 13 }
        },
        "locations": [
          {
            "start": { "line": 91, "column": 53 },
            "end": { "line": 97, "column": 13 }
          }
        ]
      },
      "51": {
        "type": "branch",
        "line": 107,
        "loc": {
          "start": { "line": 107, "column": 8 },
          "end": { "line": 109, "column": 9 }
        },
        "locations": [
          {
            "start": { "line": 107, "column": 8 },
            "end": { "line": 109, "column": 9 }
          }
        ]
      },
      "52": {
        "type": "branch",
        "line": 207,
        "loc": {
          "start": { "line": 207, "column": 35 },
          "end": { "line": 210, "column": 33 }
        },
        "locations": [
          {
            "start": { "line": 207, "column": 35 },
            "end": { "line": 210, "column": 33 }
          }
        ]
      }
    },
    "b": {
      "0": [14],
      "1": [12],
      "2": [0],
      "3": [14],
      "4": [12],
      "5": [0],
      "6": [23],
      "7": [2],
      "8": [21],
      "9": [2],
      "10": [2],
      "11": [21],
      "12": [2],
      "13": [2],
      "14": [21],
      "15": [2],
      "16": [2],
      "17": [21],
      "18": [2],
      "19": [4],
      "20": [19],
      "21": [4],
      "22": [19],
      "23": [4],
      "24": [19],
      "25": [4],
      "26": [19],
      "27": [4],
      "28": [19],
      "29": [2],
      "30": [21],
      "31": [2],
      "32": [2],
      "33": [2],
      "34": [21],
      "35": [2],
      "36": [0],
      "37": [0],
      "38": [2],
      "39": [19],
      "40": [4],
      "41": [19],
      "42": [8],
      "43": [2],
      "44": [2],
      "45": [2],
      "46": [2],
      "47": [2],
      "48": [8],
      "49": [1],
      "50": [0],
      "51": [0],
      "52": [230]
    },
    "fnMap": {
      "0": {
        "name": "ControlledForm",
        "decl": {
          "start": { "line": 64, "column": 54 },
          "end": { "line": 245, "column": 1 }
        },
        "loc": {
          "start": { "line": 64, "column": 54 },
          "end": { "line": 245, "column": 1 }
        },
        "line": 64
      },
      "1": {
        "name": "calculatePasswordStrength",
        "decl": {
          "start": { "line": 73, "column": 38 },
          "end": { "line": 81, "column": 5 }
        },
        "loc": {
          "start": { "line": 73, "column": 38 },
          "end": { "line": 81, "column": 5 }
        },
        "line": 73
      },
      "2": {
        "name": "onFormSubmit",
        "decl": {
          "start": { "line": 88, "column": 25 },
          "end": { "line": 110, "column": 5 }
        },
        "loc": {
          "start": { "line": 88, "column": 25 },
          "end": { "line": 110, "column": 5 }
        },
        "line": 88
      },
      "3": {
        "name": "photoBase64",
        "decl": {
          "start": { "line": 92, "column": 56 },
          "end": { "line": 96, "column": 17 }
        },
        "loc": {
          "start": { "line": 92, "column": 56 },
          "end": { "line": 96, "column": 17 }
        },
        "line": 92
      }
    },
    "f": { "0": 23, "1": 8, "2": 1, "3": 0 }
  },
  "C:\\Users\\kapus\\WebstormProjects\\react-rss-forms\\rs-react-app\\src\\components\\forms\\UncontrolledForm.tsx": {
    "path": "C:\\Users\\kapus\\WebstormProjects\\react-rss-forms\\rs-react-app\\src\\components\\forms\\UncontrolledForm.tsx",
    "all": false,
    "statementMap": {
      "0": {
        "start": { "line": 1, "column": 0 },
        "end": { "line": 1, "column": 47 }
      },
      "1": {
        "start": { "line": 2, "column": 0 },
        "end": { "line": 2, "column": 26 }
      },
      "2": {
        "start": { "line": 3, "column": 0 },
        "end": { "line": 3, "column": 48 }
      },
      "4": {
        "start": { "line": 5, "column": 0 },
        "end": { "line": 5, "column": 19 }
      },
      "10": {
        "start": { "line": 11, "column": 0 },
        "end": { "line": 11, "column": 39 }
      },
      "11": {
        "start": { "line": 12, "column": 0 },
        "end": { "line": 12, "column": 13 }
      },
      "12": {
        "start": { "line": 13, "column": 0 },
        "end": { "line": 13, "column": 17 }
      },
      "13": {
        "start": { "line": 14, "column": 0 },
        "end": { "line": 14, "column": 37 }
      },
      "14": {
        "start": { "line": 15, "column": 0 },
        "end": { "line": 15, "column": 64 }
      },
      "15": {
        "start": { "line": 16, "column": 0 },
        "end": { "line": 16, "column": 12 }
      },
      "16": {
        "start": { "line": 17, "column": 0 },
        "end": { "line": 17, "column": 17 }
      },
      "17": {
        "start": { "line": 18, "column": 0 },
        "end": { "line": 18, "column": 42 }
      },
      "18": {
        "start": { "line": 19, "column": 0 },
        "end": { "line": 19, "column": 36 }
      },
      "19": {
        "start": { "line": 20, "column": 0 },
        "end": { "line": 20, "column": 50 }
      },
      "20": {
        "start": { "line": 21, "column": 0 },
        "end": { "line": 21, "column": 43 }
      },
      "21": {
        "start": { "line": 22, "column": 0 },
        "end": { "line": 22, "column": 14 }
      },
      "22": {
        "start": { "line": 23, "column": 0 },
        "end": { "line": 23, "column": 17 }
      },
      "23": {
        "start": { "line": 24, "column": 0 },
        "end": { "line": 24, "column": 37 }
      },
      "24": {
[...]
        "type": "branch",
        "line": 180,
        "loc": {
          "start": { "line": 180, "column": 76 },
          "end": { "line": 180, "column": 89 }
        },
        "locations": [
          {
            "start": { "line": 180, "column": 76 },
            "end": { "line": 180, "column": 89 }
          }
        ]
      },
      "19": {
        "type": "branch",
        "line": 181,
        "loc": {
          "start": { "line": 181, "column": 72 },
          "end": { "line": 181, "column": 87 }
        },
        "locations": [
          {
            "start": { "line": 181, "column": 72 },
            "end": { "line": 181, "column": 87 }
          }
        ]
      },
      "20": {
        "type": "branch",
        "line": 181,
        "loc": {
          "start": { "line": 181, "column": 76 },
          "end": { "line": 181, "column": 89 }
        },
        "locations": [
          {
            "start": { "line": 181, "column": 76 },
            "end": { "line": 181, "column": 89 }
          }
        ]
      },
      "21": {
        "type": "branch",
        "line": 182,
        "loc": {
          "start": { "line": 182, "column": 72 },
          "end": { "line": 182, "column": 87 }
        },
        "locations": [
          {
            "start": { "line": 182, "column": 72 },
            "end": { "line": 182, "column": 87 }
          }
        ]
      },
      "22": {
        "type": "branch",
        "line": 182,
        "loc": {
          "start": { "line": 182, "column": 76 },
          "end": { "line": 182, "column": 89 }
        },
        "locations": [
          {
            "start": { "line": 182, "column": 76 },
            "end": { "line": 182, "column": 89 }
          }
        ]
      },
      "23": {
        "type": "branch",
        "line": 183,
        "loc": {
          "start": { "line": 183, "column": 72 },
          "end": { "line": 183, "column": 87 }
        },
        "locations": [
          {
            "start": { "line": 183, "column": 72 },
            "end": { "line": 183, "column": 87 }
          }
        ]
      },
      "24": {
        "type": "branch",
        "line": 183,
        "loc": {
          "start": { "line": 183, "column": 76 },
          "end": { "line": 183, "column": 89 }
        },
        "locations": [
          {
            "start": { "line": 183, "column": 76 },
            "end": { "line": 183, "column": 89 }
          }
        ]
      },
      "25": {
        "type": "branch",
        "line": 184,
        "loc": {
          "start": { "line": 184, "column": 72 },
          "end": { "line": 184, "column": 87 }
        },
        "locations": [
          {
            "start": { "line": 184, "column": 72 },
            "end": { "line": 184, "column": 87 }
          }
        ]
      },
      "26": {
        "type": "branch",
        "line": 184,
        "loc": {
          "start": { "line": 184, "column": 76 },
          "end": { "line": 184, "column": 89 }
        },
        "locations": [
          {
            "start": { "line": 184, "column": 76 },
            "end": { "line": 184, "column": 89 }
          }
        ]
      },
      "27": {
        "type": "branch",
        "line": 194,
        "loc": {
          "start": { "line": 194, "column": 38 },
          "end": { "line": 194, "column": 66 }
        },
        "locations": [
          {
            "start": { "line": 194, "column": 38 },
            "end": { "line": 194, "column": 66 }
          }
        ]
      },
      "28": {
        "type": "branch",
        "line": 194,
        "loc": {
          "start": { "line": 194, "column": 56 },
          "end": { "line": 194, "column": 69 }
        },
        "locations": [
          {
            "start": { "line": 194, "column": 56 },
            "end": { "line": 194, "column": 69 }
          }
        ]
      },
      "29": {
        "type": "branch",
        "line": 196,
        "loc": {
          "start": { "line": 196, "column": 24 },
          "end": { "line": 196, "column": 107 }
        },
        "locations": [
          {
            "start": { "line": 196, "column": 24 },
            "end": { "line": 196, "column": 107 }
          }
        ]
      },
      "30": {
        "type": "branch",
        "line": 211,
        "loc": {
          "start": { "line": 211, "column": 24 },
          "end": { "line": 211, "column": 116 }
        },
        "locations": [
          {
            "start": { "line": 211, "column": 24 },
            "end": { "line": 211, "column": 116 }
          }
        ]
      },
      "31": {
        "type": "branch",
        "line": 219,
        "loc": {
          "start": { "line": 219, "column": 38 },
          "end": { "line": 219, "column": 58 }
        },
        "locations": [
          {
            "start": { "line": 219, "column": 38 },
            "end": { "line": 219, "column": 58 }
          }
        ]
      },
      "32": {
        "type": "branch",
        "line": 219,
        "loc": {
          "start": { "line": 219, "column": 48 },
          "end": { "line": 219, "column": 61 }
        },
        "locations": [
          {
            "start": { "line": 219, "column": 48 },
            "end": { "line": 219, "column": 61 }
          }
        ]
      },
      "33": {
        "type": "branch",
        "line": 228,
        "loc": {
          "start": { "line": 228, "column": 24 },
          "end": { "line": 228, "column": 119 }
        },
        "locations": [
          {
            "start": { "line": 228, "column": 24 },
            "end": { "line": 228, "column": 119 }
          }
        ]
      },
      "34": {
        "type": "branch",
        "line": 238,
        "loc": {
          "start": { "line": 238, "column": 38 },
          "end": { "line": 238, "column": 56 }
        },
        "locations": [
          {
            "start": { "line": 238, "column": 38 },
            "end": { "line": 238, "column": 56 }
          }
        ]
      },
      "35": {
        "type": "branch",
        "line": 238,
        "loc": {
          "start": { "line": 238, "column": 46 },
          "end": { "line": 238, "column": 59 }
        },
        "locations": [
          {
            "start": { "line": 238, "column": 46 },
            "end": { "line": 238, "column": 59 }
          }
        ]
      },
      "36": {
        "type": "branch",
        "line": 240,
        "loc": {
          "start": { "line": 240, "column": 24 },
          "end": { "line": 240, "column": 113 }
        },
        "locations": [
          {
            "start": { "line": 240, "column": 24 },
            "end": { "line": 240, "column": 113 }
          }
        ]
      },
      "37": {
        "type": "branch",
        "line": 248,
        "loc": {
          "start": { "line": 248, "column": 24 },
          "end": { "line": 248, "column": 87 }
        },
        "locations": [
          {
            "start": { "line": 248, "column": 24 },
            "end": { "line": 248, "column": 87 }
          }
        ]
      },
      "38": {
        "type": "branch",
        "line": 68,
        "loc": {
          "start": { "line": 68, "column": 38 },
          "end": { "line": 76, "column": 5 }
        },
        "locations": [
          {
            "start": { "line": 68, "column": 38 },
            "end": { "line": 76, "column": 5 }
          }
        ]
      },
      "39": {
        "type": "branch",
        "line": 78,
        "loc": {
          "start": { "line": 78, "column": 33 },
          "end": { "line": 81, "column": 5 }
        },
        "locations": [
          {
            "start": { "line": 78, "column": 33 },
            "end": { "line": 81, "column": 5 }
          }
        ]
      },
      "40": {
        "type": "branch",
        "line": 83,
        "loc": {
          "start": { "line": 83, "column": 25 },
          "end": { "line": 132, "column": 5 }
        },
        "locations": [
          {
            "start": { "line": 83, "column": 25 },
            "end": { "line": 132, "column": 5 }
          }
        ]
      },
      "41": {
        "type": "branch",
        "line": 86,
        "loc": {
          "start": { "line": 86, "column": 30 },
          "end": { "line": 86, "column": 36 }
        },
        "locations": [
          {
            "start": { "line": 86, "column": 30 },
            "end": { "line": 86, "column": 36 }
          }
        ]
      },
      "42": {
        "type": "branch",
        "line": 102,
        "loc": {
          "start": { "line": 102, "column": 65 },
          "end": { "line": 105, "column": 51 }
        },
        "locations": [
          {
            "start": { "line": 102, "column": 65 },
            "end": { "line": 105, "column": 51 }
          }
        ]
      },
      "43": {
        "type": "branch",
        "line": 105,
        "loc": {
          "start": { "line": 105, "column": 51 },
          "end": { "line": 121, "column": 17 }
        },
        "locations": [
          {
            "start": { "line": 105, "column": 51 },
            "end": { "line": 121, "column": 17 }
          }
        ]
      },
      "44": {
        "type": "branch",
        "line": 124,
        "loc": {
          "start": { "line": 124, "column": 47 },
          "end": { "line": 128, "column": 17 }
        },
        "locations": [
          {
            "start": { "line": 124, "column": 47 },
            "end": { "line": 128, "column": 17 }
          }
        ]
      },
      "45": {
        "type": "branch",
        "line": 222,
        "loc": {
          "start": { "line": 222, "column": 35 },
          "end": { "line": 225, "column": 33 }
        },
        "locations": [
          {
            "start": { "line": 222, "column": 35 },
            "end": { "line": 225, "column": 33 }
          }
        ]
      }
    },
    "b": {
      "0": [2],
      "1": [0],
      "2": [2],
      "3": [0],
      "4": [8],
      "5": [1],
      "6": [7],
      "7": [1],
      "8": [1],
      "9": [7],
      "10": [1],
      "11": [1],
      "12": [7],
      "13": [1],
      "14": [1],
      "15": [7],
      "16": [1],
      "17": [2],
      "18": [6],
      "19": [2],
      "20": [6],
      "21": [2],
      "22": [6],
      "23": [2],
      "24": [6],
      "25": [2],
      "26": [6],
      "27": [1],
      "28": [7],
      "29": [1],
      "30": [1],
      "31": [1],
      "32": [7],
      "33": [1],
      "34": [1],
      "35": [7],
      "36": [1],
      "37": [1],
      "38": [2],
      "39": [2],
      "40": [2],
      "41": [0],
      "42": [0],
      "43": [0],
      "44": [16],
      "45": [80]
    },
    "fnMap": {
      "0": {
        "name": "UncontrolledForm",
        "decl": {
          "start": { "line": 63, "column": 58 },
          "end": { "line": 257, "column": 1 }
        },
        "loc": {
          "start": { "line": 63, "column": 58 },
          "end": { "line": 257, "column": 1 }
        },
        "line": 63
      },
      "1": {
        "name": "calculatePasswordStrength",
        "decl": {
          "start": { "line": 68, "column": 38 },
          "end": { "line": 76, "column": 5 }
        },
        "loc": {
          "start": { "line": 68, "column": 38 },
          "end": { "line": 76, "column": 5 }
        },
        "line": 68
      },
      "2": {
        "name": "handlePasswordChange",
        "decl": {
          "start": { "line": 78, "column": 33 },
          "end": { "line": 81, "column": 5 }
        },
        "loc": {
          "start": { "line": 78, "column": 33 },
          "end": { "line": 81, "column": 5 }
        },
        "line": 78
      },
      "3": {
        "name": "handleSubmit",
        "decl": {
          "start": { "line": 83, "column": 25 },
          "end": { "line": 132, "column": 5 }
        },
        "loc": {
          "start": { "line": 83, "column": 25 },
          "end": { "line": 132, "column": 5 }
        },
        "line": 83
      },
      "4": {
        "name": "photoBase64",
        "decl": {
          "start": { "line": 106, "column": 56 },
          "end": { "line": 110, "column": 17 }
        },
        "loc": {
          "start": { "line": 106, "column": 56 },
          "end": { "line": 110, "column": 17 }
        },
        "line": 106
      }
    },
    "f": { "0": 8, "1": 2, "2": 2, "3": 2, "4": 0 }
  },
  "C:\\Users\\kapus\\WebstormProjects\\react-rss-forms\\rs-react-app\\src\\data\\countries.ts": {
    "path": "C:\\Users\\kapus\\WebstormProjects\\react-rss-forms\\rs-react-app\\src\\data\\countries.ts",
    "all": false,
    "statementMap": {
      "0": {
        "start": { "line": 1, "column": 0 },
        "end": { "line": 1, "column": 26 }
      },
      "1": {
        "start": { "line": 2, "column": 0 },
        "end": { "line": 2, "column": 35 }
      },
      "2": {
        "start": { "line": 3, "column": 0 },
        "end": { "line": 3, "column": 32 }
      },
      "3": {
        "start": { "line": 4, "column": 0 },
        "end": { "line": 4, "column": 36 }
      },
      "4": {
        "start": { "line": 5, "column": 0 },
        "end": { "line": 5, "column": 35 }
      },
      "5": {
        "start": { "line": 6, "column": 0 },
        "end": { "line": 6, "column": 34 }
      },
      "6": {
        "start": { "line": 7, "column": 0 },
        "end": { "line": 7, "column": 34 }
      },
      "7": {
        "start": { "line": 8, "column": 0 },
        "end": { "line": 8, "column": 34 }
      },
      "8": {
        "start": { "line": 9, "column": 0 },
        "end": { "line": 9, "column": 34 }
      },
      "9": {
        "start": { "line": 10, "column": 0 },
        "end": { "line": 10, "column": 35 }
      },
      "10": {
        "start": { "line": 11, "column": 0 },
        "end": { "line": 11, "column": 35 }
      },
      "11": {
        "start": { "line": 12, "column": 0 },
        "end": { "line": 12, "column": 1 }
      }
    },
    "s": {
      "0": 1,
      "1": 1,
      "2": 1,
      "3": 1,
      "4": 1,
      "5": 1,
      "6": 1,
      "7": 1,
      "8": 1,
      "9": 1,
      "10": 1,
      "11": 1
    },
    "branchMap": {},
    "b": {},
    "fnMap": {},
    "f": {}
  },
  "C:\\Users\\kapus\\WebstormProjects\\react-rss-forms\\rs-react-app\\src\\store\\formSlice.ts": {
    "path": "C:\\Users\\kapus\\WebstormProjects\\react-rss-forms\\rs-react-app\\src\\store\\formSlice.ts",
    "all": false,
    "statementMap": {
      "0": {
        "start": { "line": 1, "column": 0 },
        "end": { "line": 1, "column": 66 }
      },
      "7": {
        "start": { "line": 8, "column": 0 },
        "end": { "line": 8, "column": 33 }
      },
      "8": {
        "start": { "line": 9, "column": 0 },
        "end": { "line": 9, "column": 13 }
      },
      "9": {
        "start": { "line": 10, "column": 0 },
        "end": { "line": 10, "column": 1 }
      },
      "11": {
        "start": { "line": 12, "column": 0 },
        "end": { "line": 12, "column": 38 }
      },
      "12": {
        "start": { "line": 13, "column": 0 },
        "end": { "line": 13, "column": 17 }
      },
      "13": {
        "start": { "line": 14, "column": 0 },
        "end": { "line": 14, "column": 17 }
      },
      "14": {
        "start": { "line": 15, "column": 0 },
        "end": { "line": 15, "column": 15 }
      },
      "15": {
        "start": { "line": 16, "column": 0 },
        "end": { "line": 16, "column": 83 }
      },
      "16": {
        "start": { "line": 17, "column": 0 },
        "end": { "line": 17, "column": 43 }
      },
      "17": {
        "start": { "line": 18, "column": 0 },
        "end": { "line": 18, "column": 10 }
      },
      "18": {
        "start": { "line": 19, "column": 0 },
        "end": { "line": 19, "column": 6 }
      },
      "19": {
        "start": { "line": 20, "column": 0 },
        "end": { "line": 20, "column": 2 }
      },
      "21": {
        "start": { "line": 22, "column": 0 },
        "end": { "line": 22, "column": 48 }
      },
      "22": {
        "start": { "line": 23, "column": 0 },
        "end": { "line": 23, "column": 32 }
      }
    },
    "s": {
      "0": 1,
      "7": 1,
      "8": 1,
      "9": 1,
      "11": 1,
      "12": 1,
      "13": 1,
      "14": 1,
      "15": 1,
      "16": 1,
      "17": 1,
      "18": 1,
      "19": 1,
      "21": 1,
      "22": 1
    },
    "branchMap": {
      "0": {
        "type": "branch",
        "line": 16,
        "loc": {
          "start": { "line": 16, "column": 21 },
          "end": { "line": 18, "column": 10 }
        },
        "locations": [
          {
            "start": { "line": 16, "column": 21 },
            "end": { "line": 18, "column": 10 }
          }
        ]
      }
    },
    "b": { "0": [1] },
    "fnMap": {
      "0": {
        "name": "addFormData",
        "decl": {
          "start": { "line": 16, "column": 21 },
          "end": { "line": 18, "column": 10 }
        },
        "loc": {
          "start": { "line": 16, "column": 21 },
          "end": { "line": 18, "column": 10 }
        },
        "line": 16
      }
    },
    "f": { "0": 1 }
  },
  "C:\\Users\\kapus\\WebstormProjects\\react-rss-forms\\rs-react-app\\src\\store\\store.ts": {
    "path": "C:\\Users\\kapus\\WebstormProjects\\react-rss-forms\\rs-react-app\\src\\store\\store.ts",
    "all": false,
    "statementMap": {
      "0": {
        "start": { "line": 1, "column": 0 },
        "end": { "line": 1, "column": 49 }
      },
      "1": {
        "start": { "line": 2, "column": 0 },
        "end": { "line": 2, "column": 37 }
      },
      "3": {
        "start": { "line": 4, "column": 0 },
        "end": { "line": 4, "column": 37 }
      },
      "4": {
        "start": { "line": 5, "column": 0 },
        "end": { "line": 5, "column": 14 }
      },
      "5": {
        "start": { "line": 6, "column": 0 },
        "end": { "line": 6, "column": 26 }
      },
      "6": {
        "start": { "line": 7, "column": 0 },
        "end": { "line": 7, "column": 6 }
      },
      "7": {
        "start": { "line": 8, "column": 0 },
        "end": { "line": 8, "column": 2 }
      }
    },
    "s": { "0": 1, "1": 1, "3": 1, "4": 1, "5": 1, "6": 1, "7": 1 },
    "branchMap": {},
    "b": {},
    "fnMap": {},
    "f": {}
  },
  "C:\\Users\\kapus\\WebstormProjects\\react-rss-forms\\rs-react-app\\src\\utils\\validationSchemas.ts": {
    "path": "C:\\Users\\kapus\\WebstormProjects\\react-rss-forms\\rs-react-app\\src\\utils\\validationSchemas.ts",
    "all": false,
    "statementMap": {
      "0": {
        "start": { "line": 1, "column": 0 },
        "end": { "line": 1, "column": 27 }
      },
      "2": {
        "start": { "line": 3, "column": 0 },
        "end": { "line": 3, "column": 39 }
      },
      "3": {
        "start": { "line": 4, "column": 0 },
        "end": { "line": 4, "column": 14 }
      },
      "4": {
        "start": { "line": 5, "column": 0 },
        "end": { "line": 5, "column": 17 }
      },
      "5": {
        "start": { "line": 6, "column": 0 },
        "end": { "line": 6, "column": 52 }
      },
      "6": {
        "start": { "line": 7, "column": 0 },
        "end": { "line": 7, "column": 39 }
      },
      "7": {
        "start": { "line": 8, "column": 0 },
        "end": { "line": 8, "column": 17 }
      },
      "8": {
        "start": { "line": 9, "column": 0 },
        "end": { "line": 9, "column": 17 }
      },
      "9": {
        "start": { "line": 10, "column": 0 },
        "end": { "line": 10, "column": 62 }
      },
      "10": {
        "start": { "line": 11, "column": 0 },
        "end": { "line": 11, "column": 42 }
      },
      "11": {
        "start": { "line": 12, "column": 0 },
        "end": { "line": 12, "column": 3 }
      }
    },
    "s": {
      "0": 1,
      "2": 1,
      "3": 1,
      "4": 1,
      "5": 1,
      "6": 1,
      "7": 1,
      "8": 1,
      "9": 1,
      "10": 1,
      "11": 1
    },
    "branchMap": {},
    "b": {},
    "fnMap": {},
    "f": {}
  }
}
