TN:
SF:src\App.tsx
FN:5,(anonymous_0)
FN:6,(anonymous_1)
FN:7,(anonymous_2)
FN:9,App
FNF:4
FNH:4
FNDA:1,(anonymous_0)
FNDA:1,(anonymous_1)
FNDA:1,(anonymous_2)
FNDA:3,App
DA:5,1
DA:6,1
DA:7,1
DA:10,3
LF:4
LH:4
BRF:0
BRH:0
end_of_record
TN:
SF:src\ErrorBoundary.tsx
FN:14,(anonymous_0)
FN:18,(anonymous_1)
FN:22,(anonymous_2)
FN:26,(anonymous_3)
FNF:4
FNH:4
FNDA:4,(anonymous_0)
FNDA:2,(anonymous_1)
FNDA:1,(anonymous_2)
FNDA:8,(anonymous_3)
DA:12,3
DA:15,4
DA:19,2
DA:22,3
DA:23,1
DA:27,8
DA:28,4
DA:36,4
LF:8
LH:8
BRDA:27,0,0,4
BRDA:27,0,1,4
BRF:2
BRH:2
end_of_record
TN:
SF:src\main.tsx
FNF:0
FNH:0
DA:8,0
DA:9,0
DA:11,0
LF:3
LH:0
BRF:0
BRH:0
end_of_record
TN:
SF:src\components\About.tsx
FN:1,(anonymous_0)
FNF:1
FNH:1
FNDA:1,(anonymous_0)
DA:1,1
DA:2,1
LF:2
LH:2
BRF:0
BRH:0
end_of_record
TN:
SF:src\components\Card.tsx
FN:9,(anonymous_0)
FN:11,(anonymous_1)
FNF:2
FNH:2
FNDA:9,(anonymous_0)
FNDA:2,(anonymous_1)
DA:9,3
DA:10,9
DA:11,2
LF:3
LH:3
BRF:0
BRH:0
end_of_record
TN:
SF:src\components\CardList.tsx
FN:8,(anonymous_0)
FN:11,(anonymous_1)
FNF:2
FNH:2
FNDA:3,(anonymous_0)
FNDA:6,(anonymous_1)
DA:8,2
DA:9,3
DA:12,6
LF:3
LH:3
BRF:0
BRH:0
end_of_record
TN:
SF:src\components\Details.tsx
FN:22,Details
FN:26,(anonymous_1)
FN:27,fetchDetails
FN:52,(anonymous_3)
FNF:4
FNH:4
FNDA:9,Details
FNDA:3,(anonymous_1)
FNDA:3,fetchDetails
FNDA:2,(anonymous_3)
DA:23,9
DA:24,9
DA:26,9
DA:28,3
DA:29,3
DA:30,3
DA:31,3
DA:32,2
DA:33,2
DA:35,1
DA:37,3
DA:40,3
DA:43,9
DA:44,6
DA:46,2
DA:52,2
LF:16
LH:16
BRDA:31,0,0,1
BRDA:31,0,1,2
BRDA:43,1,0,3
BRDA:43,1,1,6
BRDA:44,2,0,4
BRDA:44,2,1,2
BRF:6
BRH:6
end_of_record
TN:
SF:src\components\ErrorButton.tsx
FN:7,(anonymous_0)
FNF:1
FNH:1
FNDA:2,(anonymous_0)
DA:7,1
DA:8,2
LF:2
LH:2
BRF:0
BRH:0
end_of_record
TN:
SF:src\components\Header.tsx
FN:10,(anonymous_0)
FNF:1
FNH:1
FNDA:3,(anonymous_0)
DA:10,2
DA:11,3
LF:2
LH:2
BRF:0
BRH:0
end_of_record
TN:
SF:src\components\Main.tsx
FN:15,(anonymous_0)
FNF:1
FNH:1
FNDA:5,(anonymous_0)
DA:15,2
DA:16,5
DA:17,4
DA:18,3
DA:20,1
LF:5
LH:5
BRDA:16,0,0,1
BRDA:16,0,1,4
BRDA:17,1,0,1
BRDA:17,1,1,3
BRDA:18,2,0,2
BRDA:18,2,1,1
BRF:6
BRH:6
end_of_record
TN:
SF:src\components\NotFound.tsx
FN:3,(anonymous_0)
FN:37,(anonymous_1)
FN:42,(anonymous_2)
FNF:3
FNH:3
FNDA:2,(anonymous_0)
FNDA:1,(anonymous_1)
FNDA:1,(anonymous_2)
DA:3,2
DA:4,2
DA:38,1
DA:40,1
DA:43,1
DA:44,1
LF:6
LH:6
BRF:0
BRH:0
end_of_record
TN:
SF:src\components\Pagination.tsx
FN:8,Pagination
FN:19,(anonymous_1)
FN:44,(anonymous_2)
FN:49,(anonymous_3)
FNF:4
FNH:4
FNDA:8,Pagination
FNDA:6,(anonymous_1)
FNDA:25,(anonymous_2)
FNDA:1,(anonymous_3)
DA:14,8
DA:15,8
DA:17,6
DA:19,6
DA:20,6
DA:22,6
DA:23,14
DA:25,2
DA:26,2
DA:28,2
DA:29,2
DA:31,4
DA:33,2
DA:34,2
DA:37,6
DA:40,6
DA:42,6
DA:45,25
DA:49,1
LF:19
LH:19
BRDA:15,0,0,2
BRDA:15,0,1,6
BRDA:22,1,0,4
BRDA:22,1,1,2
BRDA:26,2,0,1
BRDA:26,2,1,1
BRDA:33,3,0,2
BRDA:33,3,1,0
BRDA:45,4,0,22
BRDA:45,4,1,3
BRF:10
BRH:9
end_of_record
TN:
SF:src\components\Search.tsx
FN:9,(anonymous_0)
FN:12,handleChange
FN:16,handleSubmit
FNF:3
FNH:3
FNDA:3,(anonymous_0)
FNDA:1,handleChange
FNDA:1,handleSubmit
DA:9,2
DA:10,3
DA:13,1
DA:17,1
DA:18,1
DA:19,1
DA:23,3
LF:7
LH:7
BRDA:18,0,0,1
BRDA:18,0,1,0
BRF:2
BRH:1
end_of_record
TN:
SF:src\components\SearchPage.tsx
FN:14,SearchPage
FN:24,(anonymous_1)
FN:30,(anonymous_2)
FN:35,(anonymous_3)
FN:43,(anonymous_4)
FNF:5
FNH:3
FNDA:3,SearchPage
FNDA:3,(anonymous_1)
FNDA:0,(anonymous_2)
FNDA:0,(anonymous_3)
FNDA:1,(anonymous_4)
DA:12,2
DA:15,3
DA:17,3
DA:18,3
DA:19,3
DA:21,3
DA:22,3
DA:24,3
DA:25,3
DA:26,1
DA:30,3
DA:31,0
DA:32,0
DA:35,3
DA:36,0
DA:43,3
DA:44,1
DA:51,3
DA:56,3
LF:19
LH:16
BRDA:17,0,0,3
BRDA:17,0,1,1
BRDA:18,1,0,3
BRDA:18,1,1,1
BRDA:25,2,0,1
BRDA:25,2,1,2
BRDA:25,3,0,3
BRDA:25,3,1,2
BRDA:39,4,0,0
BRDA:39,4,1,0
BRDA:65,5,0,3
BRDA:65,5,1,0
BRDA:66,6,0,3
BRDA:66,6,1,0
BRDA:84,7,0,0
BRDA:84,7,1,3
BRF:16
BRH:11
end_of_record
TN:
SF:src\components\Spinner.tsx
FN:1,(anonymous_0)
FNF:1
FNH:1
FNDA:6,(anonymous_0)
DA:1,3
DA:2,6
LF:2
LH:2
BRF:0
BRH:0
end_of_record
TN:
SF:src\hooks\useFetchItems.tsx
FN:17,useFetchItems
FN:22,(anonymous_1)
FN:23,fetchItems
FN:33,(anonymous_3)
FN:37,(anonymous_4)
FNF:5
FNH:5
FNDA:10,useFetchItems
FNDA:4,(anonymous_1)
FNDA:4,fetchItems
FNDA:1003,(anonymous_3)
FNDA:1001,(anonymous_4)
DA:18,10
DA:19,10
DA:20,10
DA:22,10
DA:24,4
DA:25,4
DA:26,4
DA:27,4
DA:30,3
DA:31,2
DA:33,2
DA:34,1003
DA:37,1001
DA:42,2
DA:44,2
DA:45,2
DA:47,0
DA:49,2
DA:51,4
DA:55,4
DA:58,10
LF:21
LH:20
BRDA:30,0,0,1
BRDA:30,0,1,2
BRDA:44,1,0,2
BRDA:44,1,1,0
BRF:4
BRH:3
end_of_record
TN:
SF:src\hooks\useLocalStorage.tsx
FN:3,useLocalStorage
FN:4,(anonymous_1)
FN:13,(anonymous_2)
FNF:3
FNH:3
FNDA:7,useLocalStorage
FNDA:6,(anonymous_1)
FNDA:1,(anonymous_2)
DA:4,7
DA:5,6
DA:6,6
DA:7,6
DA:9,0
DA:13,7
DA:14,1
DA:15,1
DA:16,1
DA:18,0
DA:22,7
LF:11
LH:9
BRDA:7,0,0,6
BRDA:7,0,1,5
BRF:2
BRH:2
end_of_record
