TN:
SF:src\App.tsx
FN:6,(anonymous_0)
FN:7,(anonymous_1)
FN:8,(anonymous_2)
FN:10,AppContent
FN:24,App
FNF:5
FNH:5
FNDA:1,(anonymous_0)
FNDA:1,(anonymous_1)
FNDA:1,(anonymous_2)
FNDA:3,AppContent
FNDA:3,App
DA:6,2
DA:7,2
DA:8,2
DA:11,3
DA:25,3
LF:5
LH:5
BRF:0
BRH:0
end_of_record
TN:
SF:src\ErrorBoundary.tsx
FN:14,(anonymous_0)
FN:18,(anonymous_1)
FN:22,(anonymous_2)
FN:26,(anonymous_3)
FNF:4
FNH:4
FNDA:4,(anonymous_0)
FNDA:2,(anonymous_1)
FNDA:1,(anonymous_2)
FNDA:8,(anonymous_3)
DA:12,3
DA:15,4
DA:19,2
DA:22,3
DA:23,1
DA:27,8
DA:28,4
DA:36,4
LF:8
LH:8
BRDA:27,0,0,4
BRDA:27,0,1,4
BRF:2
BRH:2
end_of_record
TN:
SF:src\main.tsx
FNF:0
FNH:0
DA:10,1
DA:11,1
DA:13,1
LF:3
LH:3
BRF:0
BRH:0
end_of_record
TN:
SF:src\components\Card.tsx
FN:15,(anonymous_0)
FN:18,(anonymous_1)
FN:24,(anonymous_2)
FN:28,(anonymous_3)
FN:32,(anonymous_4)
FN:47,(anonymous_5)
FN:65,(anonymous_6)
FNF:7
FNH:7
FNDA:4,(anonymous_0)
FNDA:8,(anonymous_1)
FNDA:1,(anonymous_2)
FNDA:1,(anonymous_3)
FNDA:2,(anonymous_4)
FNDA:1,(anonymous_5)
FNDA:1,(anonymous_6)
DA:15,1
DA:16,4
DA:17,4
DA:18,8
DA:21,4
DA:22,4
DA:23,4
DA:24,4
DA:25,1
DA:28,4
DA:29,1
DA:32,4
DA:33,2
DA:35,2
DA:40,2
DA:41,1
DA:43,1
DA:47,4
DA:48,4
DA:49,4
DA:51,4
DA:65,1
LF:22
LH:22
BRDA:40,0,0,1
BRDA:40,0,1,1
BRDA:48,1,0,4
BRDA:48,1,1,4
BRDA:49,2,0,4
BRDA:49,2,1,0
BRDA:68,3,0,4
BRDA:68,3,1,4
BRDA:69,4,0,4
BRDA:69,4,1,4
BRF:10
BRH:9
end_of_record
TN:
SF:src\components\CardList.tsx
FN:13,(anonymous_0)
FN:15,(anonymous_1)
FN:22,(anonymous_2)
FNF:3
FNH:3
FNDA:4,(anonymous_0)
FNDA:8,(anonymous_1)
FNDA:8,(anonymous_2)
DA:13,1
DA:14,4
DA:15,8
DA:18,4
DA:23,8
LF:5
LH:5
BRDA:20,0,0,4
BRDA:20,0,1,1
BRF:2
BRH:2
end_of_record
TN:
SF:src\components\Details.tsx
FN:9,Details
FN:18,(anonymous_1)
FN:33,(anonymous_2)
FNF:3
FNH:3
FNDA:4,Details
FNDA:1,(anonymous_1)
FNDA:3,(anonymous_2)
DA:10,4
DA:12,4
DA:13,3
DA:15,2
DA:18,1
DA:33,3
LF:6
LH:6
BRDA:12,0,0,1
BRDA:12,0,1,3
BRDA:13,1,0,1
BRDA:13,1,1,2
BRDA:13,2,0,3
BRDA:13,2,1,2
BRF:6
BRH:6
end_of_record
TN:
SF:src\components\ErrorButton.tsx
FN:7,(anonymous_0)
FNF:1
FNH:1
FNDA:2,(anonymous_0)
DA:7,1
DA:8,2
LF:2
LH:2
BRF:0
BRH:0
end_of_record
TN:
SF:src\components\Flyout.tsx
FN:6,downloadCSV
FN:10,(anonymous_1)
FN:12,(anonymous_2)
FN:26,(anonymous_3)
FN:29,(anonymous_4)
FN:57,(anonymous_5)
FN:61,(anonymous_6)
FNF:7
FNH:7
FNDA:1,downloadCSV
FNDA:2,(anonymous_1)
FNDA:6,(anonymous_2)
FNDA:5,(anonymous_3)
FNDA:10,(anonymous_4)
FNDA:1,(anonymous_5)
FNDA:1,(anonymous_6)
DA:7,1
DA:9,1
DA:10,1
DA:11,2
DA:12,6
DA:16,1
DA:17,1
DA:19,1
DA:20,1
DA:21,1
DA:22,1
DA:23,1
DA:26,1
DA:27,5
DA:28,5
DA:29,10
DA:32,5
DA:34,3
DA:57,1
DA:61,1
LF:20
LH:20
BRDA:7,0,0,0
BRDA:7,0,1,1
BRDA:32,1,0,2
BRDA:32,1,1,3
BRDA:51,2,0,3
BRDA:51,2,1,0
BRF:6
BRH:4
end_of_record
TN:
SF:src\components\Header.tsx
FN:11,(anonymous_0)
FN:14,(anonymous_1)
FN:18,(anonymous_2)
FNF:3
FNH:3
FNDA:8,(anonymous_0)
FNDA:3,(anonymous_1)
FNDA:2,(anonymous_2)
DA:11,1
DA:12,8
DA:14,8
DA:15,3
DA:18,8
DA:19,2
DA:20,2
DA:21,2
DA:24,8
LF:9
LH:9
BRF:0
BRH:0
end_of_record
TN:
SF:src\components\Main.tsx
FN:15,(anonymous_0)
FNF:1
FNH:1
FNDA:4,(anonymous_0)
DA:15,1
DA:16,4
DA:17,3
DA:18,2
DA:19,1
LF:5
LH:5
BRDA:16,0,0,1
BRDA:16,0,1,3
BRDA:17,1,0,1
BRDA:17,1,1,2
BRDA:18,2,0,1
BRDA:18,2,1,1
BRF:6
BRH:6
end_of_record
TN:
SF:src\components\Pagination.tsx
FN:8,Pagination
FN:19,(anonymous_1)
FN:44,(anonymous_2)
FN:49,(anonymous_3)
FNF:4
FNH:4
FNDA:4,Pagination
FNDA:4,(anonymous_1)
FNDA:25,(anonymous_2)
FNDA:1,(anonymous_3)
DA:14,4
DA:15,4
DA:17,4
DA:19,4
DA:20,4
DA:22,4
DA:23,12
DA:25,2
DA:26,2
DA:28,2
DA:29,2
DA:31,6
DA:33,2
DA:34,2
DA:37,4
DA:40,4
DA:42,4
DA:45,25
DA:49,1
LF:19
LH:19
BRDA:14,0,0,4
BRDA:14,0,1,0
BRDA:15,1,0,0
BRDA:15,1,1,4
BRDA:22,2,0,2
BRDA:22,2,1,2
BRDA:26,3,0,1
BRDA:26,3,1,1
BRDA:33,4,0,2
BRDA:33,4,1,0
BRDA:45,5,0,22
BRDA:45,5,1,3
BRF:12
BRH:9
end_of_record
TN:
SF:src\components\Search.tsx
FN:10,(anonymous_0)
FN:13,(anonymous_1)
FN:17,(anonymous_2)
FNF:3
FNH:0
FNDA:0,(anonymous_0)
FNDA:0,(anonymous_1)
FNDA:0,(anonymous_2)
DA:10,0
DA:11,0
DA:13,0
DA:14,0
DA:17,0
DA:18,0
DA:19,0
DA:20,0
DA:21,0
DA:24,0
LF:10
LH:0
BRF:0
BRH:0
end_of_record
TN:
SF:src\components\Spinner.tsx
FN:1,(anonymous_0)
FNF:1
FNH:1
FNDA:1,(anonymous_0)
DA:1,3
DA:2,1
LF:2
LH:2
BRF:0
BRH:0
end_of_record
TN:
SF:src\components\ThemeToggle.tsx
FN:3,ThemeToggle
FNF:1
FNH:1
FNDA:7,ThemeToggle
DA:4,7
DA:6,7
LF:2
LH:2
BRDA:13,0,0,4
BRDA:13,0,1,3
BRF:2
BRH:2
end_of_record
TN:
SF:src\context\ThemeContext.tsx
FN:18,(anonymous_0)
FN:21,(anonymous_1)
FN:26,(anonymous_2)
FN:31,(anonymous_3)
FN:32,(anonymous_4)
FN:41,(anonymous_5)
FNF:6
FNH:6
FNDA:13,(anonymous_0)
FNDA:6,(anonymous_1)
FNDA:12,(anonymous_2)
FNDA:4,(anonymous_3)
FNDA:4,(anonymous_4)
FNDA:14,(anonymous_5)
DA:16,3
DA:18,3
DA:19,13
DA:21,13
DA:22,6
DA:23,6
DA:26,13
DA:27,12
DA:28,12
DA:31,13
DA:32,4
DA:34,13
DA:41,3
DA:42,14
DA:43,14
DA:44,2
DA:46,12
LF:17
LH:17
BRDA:23,0,0,3
BRDA:23,0,1,3
BRDA:32,1,0,3
BRDA:32,1,1,1
BRDA:43,2,0,2
BRDA:43,2,1,12
BRF:6
BRH:6
end_of_record
TN:
SF:src\hooks\useLocalStorage.tsx
FN:3,useLocalStorage
FN:4,(anonymous_1)
FN:13,(anonymous_2)
FNF:3
FNH:3
FNDA:4,useLocalStorage
FNDA:3,(anonymous_1)
FNDA:1,(anonymous_2)
DA:4,4
DA:5,3
DA:6,3
DA:7,3
DA:9,0
DA:13,4
DA:14,1
DA:15,1
DA:16,1
DA:18,0
DA:22,4
LF:11
LH:9
BRDA:7,0,0,3
BRDA:7,0,1,2
BRF:2
BRH:2
end_of_record
TN:
SF:src\pages\About.tsx
FN:3,(anonymous_0)
FNF:1
FNH:1
FNDA:1,(anonymous_0)
DA:3,1
DA:4,1
LF:2
LH:2
BRF:0
BRH:0
end_of_record
TN:
SF:src\pages\NotFound.tsx
FN:3,(anonymous_0)
FN:37,(anonymous_1)
FN:42,(anonymous_2)
FNF:3
FNH:3
FNDA:1,(anonymous_0)
FNDA:1,(anonymous_1)
FNDA:1,(anonymous_2)
DA:3,1
DA:4,1
DA:38,1
DA:40,1
DA:43,1
DA:44,1
LF:6
LH:6
BRF:0
BRH:0
end_of_record
TN:
SF:src\pages\SearchPage.tsx
FN:13,SearchPage
FN:23,(anonymous_1)
FN:28,(anonymous_2)
FN:32,(anonymous_3)
FN:35,(anonymous_4)
FN:40,(anonymous_5)
FN:48,(anonymous_6)
FN:54,(anonymous_7)
FN:62,(anonymous_8)
FN:72,(anonymous_9)
FNF:10
FNH:8
FNDA:8,SearchPage
FNDA:8,(anonymous_1)
FNDA:4,(anonymous_2)
FNDA:0,(anonymous_3)
FNDA:0,(anonymous_4)
FNDA:8,(anonymous_5)
FNDA:1,(anonymous_6)
FNDA:1,(anonymous_7)
FNDA:1,(anonymous_8)
FNDA:22,(anonymous_9)
DA:11,1
DA:14,8
DA:15,8
DA:16,8
DA:17,8
DA:18,8
DA:19,8
DA:20,8
DA:23,8
DA:24,8
DA:25,0
DA:28,8
DA:29,4
DA:30,4
DA:32,0
DA:33,0
DA:35,0
DA:36,0
DA:40,8
DA:41,8
DA:43,8
DA:44,1
DA:48,8
DA:49,1
DA:50,1
DA:51,1
DA:54,8
DA:55,1
DA:62,8
DA:63,1
DA:64,1
DA:71,8
DA:73,22
DA:76,8
DA:83,8
LF:35
LH:30
BRDA:15,0,0,8
BRDA:15,0,1,0
BRDA:18,1,0,8
BRDA:18,1,1,0
BRDA:24,2,0,0
BRDA:24,2,1,8
BRDA:24,3,0,8
BRDA:24,3,1,8
BRDA:30,4,0,4
BRDA:30,4,1,0
BRDA:41,5,0,8
BRDA:41,5,1,2
BRDA:41,6,0,8
BRDA:41,6,1,2
BRDA:43,7,0,1
BRDA:43,7,1,7
BRDA:44,8,0,1
BRDA:44,8,1,0
BRDA:56,9,0,1
BRDA:56,9,1,0
BRDA:58,10,0,0
BRDA:58,10,1,1
BRDA:63,11,0,0
BRDA:63,11,1,1
BRDA:65,12,0,1
BRDA:65,12,1,0
BRDA:71,13,0,8
BRDA:71,13,1,2
BRDA:76,14,0,8
BRDA:76,14,1,0
BRDA:87,15,0,8
BRDA:87,15,1,1
BRDA:88,16,0,8
BRDA:88,16,1,1
BRDA:88,17,0,1
BRDA:88,17,1,0
BRDA:106,18,0,8
BRDA:106,18,1,1
BRDA:106,18,2,0
BRF:39
BRH:27
end_of_record
TN:
SF:src\redux\store.tsx
FN:10,(anonymous_0)
FNF:1
FNH:1
FNDA:2,(anonymous_0)
DA:5,2
DA:11,2
LF:2
LH:2
BRF:0
BRH:0
end_of_record
TN:
SF:src\redux\slices\ItemsSlices.ts
FN:21,(anonymous_0)
FN:23,(anonymous_1)
FN:30,(anonymous_2)
FN:32,(anonymous_3)
FN:36,(anonymous_4)
FNF:5
FNH:4
FNDA:1,(anonymous_0)
FNDA:0,(anonymous_1)
FNDA:1,(anonymous_2)
FNDA:1,(anonymous_3)
FNDA:1,(anonymous_4)
DA:13,4
DA:17,4
DA:22,1
DA:23,0
DA:25,1
DA:26,1
DA:31,1
DA:32,1
DA:37,1
DA:42,4
LF:10
LH:9
BRDA:25,0,0,1
BRDA:25,0,1,0
BRF:2
BRH:1
end_of_record
TN:
SF:src\redux\slices\apiSlice.tsx
FN:23,(anonymous_0)
FN:25,(anonymous_1)
FN:28,(anonymous_2)
FNF:3
FNH:2
FNDA:5,(anonymous_0)
FNDA:0,(anonymous_1)
FNDA:1,(anonymous_2)
DA:20,5
DA:23,5
DA:25,0
DA:28,1
DA:33,5
LF:5
LH:4
BRF:0
BRH:0
end_of_record
